{"C:\\Users\\PC\\Desktop\\ALU\\Mission Capstone\\mufashe-mobile\\backend\\src\\app.js": {"path":"C:\\Users\\PC\\Desktop\\ALU\\Mission Capstone\\mufashe-mobile\\backend\\src\\app.js","statementMap":{"0":{"start":{"line":2,"column":16},"end":{"line":2,"column":34}},"1":{"start":{"line":3,"column":13},"end":{"line":3,"column":28}},"2":{"start":{"line":5,"column":19},"end":{"line":5,"column":50}},"3":{"start":{"line":6,"column":23},"end":{"line":6,"column":58}},"4":{"start":{"line":7,"column":21},"end":{"line":7,"column":54}},"5":{"start":{"line":8,"column":20},"end":{"line":8,"column":52}},"6":{"start":{"line":9,"column":17},"end":{"line":9,"column":46}},"7":{"start":{"line":10,"column":24},"end":{"line":10,"column":60}},"8":{"start":{"line":13,"column":22},"end":{"line":13,"column":56}},"9":{"start":{"line":14,"column":27},"end":{"line":14,"column":66}},"10":{"start":{"line":15,"column":28},"end":{"line":15,"column":68}},"11":{"start":{"line":16,"column":20},"end":{"line":16,"column":52}},"12":{"start":{"line":18,"column":12},"end":{"line":18,"column":21}},"13":{"start":{"line":20,"column":0},"end":{"line":20,"column":16}},"14":{"start":{"line":21,"column":0},"end":{"line":21,"column":24}},"15":{"start":{"line":24,"column":0},"end":{"line":24,"column":62}},"16":{"start":{"line":24,"column":27},"end":{"line":24,"column":60}},"17":{"start":{"line":25,"column":0},"end":{"line":25,"column":82}},"18":{"start":{"line":25,"column":35},"end":{"line":25,"column":80}},"19":{"start":{"line":28,"column":0},"end":{"line":28,"column":33}},"20":{"start":{"line":29,"column":0},"end":{"line":29,"column":42}},"21":{"start":{"line":30,"column":0},"end":{"line":30,"column":37}},"22":{"start":{"line":31,"column":0},"end":{"line":31,"column":35}},"23":{"start":{"line":32,"column":0},"end":{"line":32,"column":29}},"24":{"start":{"line":33,"column":0},"end":{"line":33,"column":43}},"25":{"start":{"line":36,"column":0},"end":{"line":36,"column":39}},"26":{"start":{"line":37,"column":0},"end":{"line":37,"column":49}},"27":{"start":{"line":38,"column":0},"end":{"line":38,"column":51}},"28":{"start":{"line":39,"column":0},"end":{"line":39,"column":35}},"29":{"start":{"line":41,"column":0},"end":{"line":41,"column":21}}},"fnMap":{"0":{"name":"(anonymous_0)","decl":{"start":{"line":24,"column":13},"end":{"line":24,"column":14}},"loc":{"start":{"line":24,"column":27},"end":{"line":24,"column":60}},"line":24},"1":{"name":"(anonymous_1)","decl":{"start":{"line":25,"column":21},"end":{"line":25,"column":22}},"loc":{"start":{"line":25,"column":35},"end":{"line":25,"column":80}},"line":25}},"branchMap":{},"s":{"0":1,"1":1,"2":1,"3":1,"4":1,"5":1,"6":1,"7":1,"8":1,"9":1,"10":1,"11":1,"12":1,"13":1,"14":1,"15":1,"16":0,"17":1,"18":0,"19":1,"20":1,"21":1,"22":1,"23":1,"24":1,"25":1,"26":1,"27":1,"28":1,"29":1},"f":{"0":0,"1":0},"b":{},"_coverageSchema":"1a1c01bbd47fc00a2c39e90264f33305004495a9","hash":"5994bf45e3928d667a0b36615871ef414e6ea437"}
,"C:\\Users\\PC\\Desktop\\ALU\\Mission Capstone\\mufashe-mobile\\backend\\src\\controllers\\auth.controller.js": {"path":"C:\\Users\\PC\\Desktop\\ALU\\Mission Capstone\\mufashe-mobile\\backend\\src\\controllers\\auth.controller.js","statementMap":{"0":{"start":{"line":3,"column":15},"end":{"line":3,"column":34}},"1":{"start":{"line":4,"column":12},"end":{"line":4,"column":35}},"2":{"start":{"line":5,"column":13},"end":{"line":5,"column":38}},"3":{"start":{"line":7,"column":18},"end":{"line":12,"column":3}},"4":{"start":{"line":8,"column":2},"end":{"line":12,"column":3}},"5":{"start":{"line":14,"column":16},"end":{"line":14,"column":53}},"6":{"start":{"line":14,"column":27},"end":{"line":14,"column":53}},"7":{"start":{"line":15,"column":23},"end":{"line":15,"column":68}},"8":{"start":{"line":15,"column":30},"end":{"line":15,"column":68}},"9":{"start":{"line":16,"column":22},"end":{"line":16,"column":45}},"10":{"start":{"line":16,"column":29},"end":{"line":16,"column":45}},"11":{"start":{"line":20,"column":2},"end":{"line":81,"column":3}},"12":{"start":{"line":21,"column":43},"end":{"line":21,"column":51}},"13":{"start":{"line":23,"column":4},"end":{"line":23,"column":31}},"14":{"start":{"line":24,"column":4},"end":{"line":24,"column":59}},"15":{"start":{"line":25,"column":4},"end":{"line":25,"column":54}},"16":{"start":{"line":27,"column":4},"end":{"line":29,"column":5}},"17":{"start":{"line":28,"column":6},"end":{"line":28,"column":81}},"18":{"start":{"line":31,"column":4},"end":{"line":33,"column":5}},"19":{"start":{"line":32,"column":6},"end":{"line":32,"column":87}},"20":{"start":{"line":35,"column":4},"end":{"line":37,"column":5}},"21":{"start":{"line":36,"column":6},"end":{"line":36,"column":89}},"22":{"start":{"line":39,"column":4},"end":{"line":42,"column":5}},"23":{"start":{"line":40,"column":26},"end":{"line":40,"column":55}},"24":{"start":{"line":41,"column":6},"end":{"line":41,"column":88}},"25":{"start":{"line":41,"column":23},"end":{"line":41,"column":88}},"26":{"start":{"line":44,"column":4},"end":{"line":47,"column":5}},"27":{"start":{"line":45,"column":26},"end":{"line":45,"column":55}},"28":{"start":{"line":46,"column":6},"end":{"line":46,"column":88}},"29":{"start":{"line":46,"column":23},"end":{"line":46,"column":88}},"30":{"start":{"line":49,"column":23},"end":{"line":49,"column":51}},"31":{"start":{"line":50,"column":4},"end":{"line":50,"column":84}},"32":{"start":{"line":50,"column":20},"end":{"line":50,"column":84}},"33":{"start":{"line":52,"column":25},"end":{"line":52,"column":56}},"34":{"start":{"line":54,"column":17},"end":{"line":54,"column":72}},"35":{"start":{"line":57,"column":23},"end":{"line":57,"column":68}},"36":{"start":{"line":58,"column":4},"end":{"line":61,"column":5}},"37":{"start":{"line":59,"column":6},"end":{"line":59,"column":26}},"38":{"start":{"line":60,"column":6},"end":{"line":60,"column":24}},"39":{"start":{"line":63,"column":18},"end":{"line":63,"column":33}},"40":{"start":{"line":65,"column":4},"end":{"line":74,"column":7}},"41":{"start":{"line":76,"column":4},"end":{"line":79,"column":5}},"42":{"start":{"line":77,"column":20},"end":{"line":77,"column":67}},"43":{"start":{"line":78,"column":6},"end":{"line":78,"column":74}},"44":{"start":{"line":80,"column":4},"end":{"line":80,"column":81}},"45":{"start":{"line":86,"column":2},"end":{"line":124,"column":3}},"46":{"start":{"line":87,"column":37},"end":{"line":87,"column":45}},"47":{"start":{"line":89,"column":4},"end":{"line":93,"column":5}},"48":{"start":{"line":90,"column":6},"end":{"line":92,"column":9}},"49":{"start":{"line":95,"column":18},"end":{"line":95,"column":43}},"50":{"start":{"line":96,"column":20},"end":{"line":96,"column":39}},"51":{"start":{"line":97,"column":20},"end":{"line":97,"column":41}},"52":{"start":{"line":100,"column":4},"end":{"line":102,"column":33}},"53":{"start":{"line":100,"column":24},"end":{"line":100,"column":51}},"54":{"start":{"line":101,"column":9},"end":{"line":102,"column":33}},"55":{"start":{"line":101,"column":39},"end":{"line":101,"column":66}},"56":{"start":{"line":102,"column":9},"end":{"line":102,"column":33}},"57":{"start":{"line":104,"column":17},"end":{"line":104,"column":42}},"58":{"start":{"line":105,"column":4},"end":{"line":105,"column":79}},"59":{"start":{"line":105,"column":15},"end":{"line":105,"column":79}},"60":{"start":{"line":107,"column":15},"end":{"line":107,"column":64}},"61":{"start":{"line":108,"column":4},"end":{"line":108,"column":77}},"62":{"start":{"line":108,"column":13},"end":{"line":108,"column":77}},"63":{"start":{"line":110,"column":18},"end":{"line":110,"column":33}},"64":{"start":{"line":112,"column":4},"end":{"line":121,"column":7}},"65":{"start":{"line":123,"column":4},"end":{"line":123,"column":81}},"66":{"start":{"line":129,"column":2},"end":{"line":135,"column":3}},"67":{"start":{"line":130,"column":17},"end":{"line":130,"column":73}},"68":{"start":{"line":131,"column":4},"end":{"line":131,"column":74}},"69":{"start":{"line":131,"column":15},"end":{"line":131,"column":74}},"70":{"start":{"line":132,"column":4},"end":{"line":132,"column":26}},"71":{"start":{"line":134,"column":4},"end":{"line":134,"column":81}},"72":{"start":{"line":140,"column":2},"end":{"line":165,"column":3}},"73":{"start":{"line":141,"column":25},"end":{"line":141,"column":33}},"74":{"start":{"line":143,"column":4},"end":{"line":145,"column":5}},"75":{"start":{"line":144,"column":6},"end":{"line":144,"column":68}},"76":{"start":{"line":147,"column":24},"end":{"line":147,"column":60}},"77":{"start":{"line":148,"column":4},"end":{"line":150,"column":5}},"78":{"start":{"line":149,"column":6},"end":{"line":149,"column":92}},"79":{"start":{"line":152,"column":17},"end":{"line":152,"column":49}},"80":{"start":{"line":153,"column":4},"end":{"line":153,"column":74}},"81":{"start":{"line":153,"column":15},"end":{"line":153,"column":74}},"82":{"start":{"line":155,"column":4},"end":{"line":155,"column":24}},"83":{"start":{"line":156,"column":4},"end":{"line":156,"column":22}},"84":{"start":{"line":158,"column":4},"end":{"line":162,"column":7}},"85":{"start":{"line":164,"column":4},"end":{"line":164,"column":81}},"86":{"start":{"line":168,"column":0},"end":{"line":168,"column":57}}},"fnMap":{"0":{"name":"(anonymous_0)","decl":{"start":{"line":7,"column":18},"end":{"line":7,"column":19}},"loc":{"start":{"line":8,"column":2},"end":{"line":12,"column":3}},"line":8},"1":{"name":"(anonymous_1)","decl":{"start":{"line":14,"column":16},"end":{"line":14,"column":17}},"loc":{"start":{"line":14,"column":27},"end":{"line":14,"column":53}},"line":14},"2":{"name":"(anonymous_2)","decl":{"start":{"line":15,"column":23},"end":{"line":15,"column":24}},"loc":{"start":{"line":15,"column":30},"end":{"line":15,"column":68}},"line":15},"3":{"name":"(anonymous_3)","decl":{"start":{"line":16,"column":22},"end":{"line":16,"column":23}},"loc":{"start":{"line":16,"column":29},"end":{"line":16,"column":45}},"line":16},"4":{"name":"register","decl":{"start":{"line":19,"column":15},"end":{"line":19,"column":23}},"loc":{"start":{"line":19,"column":34},"end":{"line":82,"column":1}},"line":19},"5":{"name":"login","decl":{"start":{"line":85,"column":15},"end":{"line":85,"column":20}},"loc":{"start":{"line":85,"column":31},"end":{"line":125,"column":1}},"line":85},"6":{"name":"me","decl":{"start":{"line":128,"column":15},"end":{"line":128,"column":17}},"loc":{"start":{"line":128,"column":28},"end":{"line":136,"column":1}},"line":128},"7":{"name":"bootstrapAdmin","decl":{"start":{"line":139,"column":15},"end":{"line":139,"column":29}},"loc":{"start":{"line":139,"column":40},"end":{"line":166,"column":1}},"line":139}},"branchMap":{"0":{"loc":{"start":{"line":15,"column":31},"end":{"line":15,"column":38}},"type":"binary-expr","locations":[{"start":{"line":15,"column":31},"end":{"line":15,"column":32}},{"start":{"line":15,"column":36},"end":{"line":15,"column":38}}],"line":15},"1":{"loc":{"start":{"line":16,"column":30},"end":{"line":16,"column":37}},"type":"binary-expr","locations":[{"start":{"line":16,"column":30},"end":{"line":16,"column":31}},{"start":{"line":16,"column":35},"end":{"line":16,"column":37}}],"line":16},"2":{"loc":{"start":{"line":24,"column":12},"end":{"line":24,"column":58}},"type":"cond-expr","locations":[{"start":{"line":24,"column":20},"end":{"line":24,"column":46}},{"start":{"line":24,"column":49},"end":{"line":24,"column":58}}],"line":24},"3":{"loc":{"start":{"line":25,"column":12},"end":{"line":25,"column":53}},"type":"cond-expr","locations":[{"start":{"line":25,"column":20},"end":{"line":25,"column":41}},{"start":{"line":25,"column":44},"end":{"line":25,"column":53}}],"line":25},"4":{"loc":{"start":{"line":27,"column":4},"end":{"line":29,"column":5}},"type":"if","locations":[{"start":{"line":27,"column":4},"end":{"line":29,"column":5}},{"start":{},"end":{}}],"line":27},"5":{"loc":{"start":{"line":27,"column":8},"end":{"line":27,"column":26}},"type":"binary-expr","locations":[{"start":{"line":27,"column":8},"end":{"line":27,"column":13}},{"start":{"line":27,"column":17},"end":{"line":27,"column":26}}],"line":27},"6":{"loc":{"start":{"line":31,"column":4},"end":{"line":33,"column":5}},"type":"if","locations":[{"start":{"line":31,"column":4},"end":{"line":33,"column":5}},{"start":{},"end":{}}],"line":31},"7":{"loc":{"start":{"line":31,"column":8},"end":{"line":31,"column":24}},"type":"binary-expr","locations":[{"start":{"line":31,"column":8},"end":{"line":31,"column":14}},{"start":{"line":31,"column":18},"end":{"line":31,"column":24}}],"line":31},"8":{"loc":{"start":{"line":35,"column":4},"end":{"line":37,"column":5}},"type":"if","locations":[{"start":{"line":35,"column":4},"end":{"line":37,"column":5}},{"start":{},"end":{}}],"line":35},"9":{"loc":{"start":{"line":39,"column":4},"end":{"line":42,"column":5}},"type":"if","locations":[{"start":{"line":39,"column":4},"end":{"line":42,"column":5}},{"start":{},"end":{}}],"line":39},"10":{"loc":{"start":{"line":41,"column":6},"end":{"line":41,"column":88}},"type":"if","locations":[{"start":{"line":41,"column":6},"end":{"line":41,"column":88}},{"start":{},"end":{}}],"line":41},"11":{"loc":{"start":{"line":44,"column":4},"end":{"line":47,"column":5}},"type":"if","locations":[{"start":{"line":44,"column":4},"end":{"line":47,"column":5}},{"start":{},"end":{}}],"line":44},"12":{"loc":{"start":{"line":46,"column":6},"end":{"line":46,"column":88}},"type":"if","locations":[{"start":{"line":46,"column":6},"end":{"line":46,"column":88}},{"start":{},"end":{}}],"line":46},"13":{"loc":{"start":{"line":50,"column":4},"end":{"line":50,"column":84}},"type":"if","locations":[{"start":{"line":50,"column":4},"end":{"line":50,"column":84}},{"start":{},"end":{}}],"line":50},"14":{"loc":{"start":{"line":58,"column":4},"end":{"line":61,"column":5}},"type":"if","locations":[{"start":{"line":58,"column":4},"end":{"line":61,"column":5}},{"start":{},"end":{}}],"line":58},"15":{"loc":{"start":{"line":58,"column":8},"end":{"line":58,"column":61}},"type":"binary-expr","locations":[{"start":{"line":58,"column":8},"end":{"line":58,"column":18}},{"start":{"line":58,"column":22},"end":{"line":58,"column":32}},{"start":{"line":58,"column":36},"end":{"line":58,"column":61}}],"line":58},"16":{"loc":{"start":{"line":70,"column":15},"end":{"line":70,"column":33}},"type":"binary-expr","locations":[{"start":{"line":70,"column":15},"end":{"line":70,"column":25}},{"start":{"line":70,"column":29},"end":{"line":70,"column":33}}],"line":70},"17":{"loc":{"start":{"line":71,"column":15},"end":{"line":71,"column":33}},"type":"binary-expr","locations":[{"start":{"line":71,"column":15},"end":{"line":71,"column":25}},{"start":{"line":71,"column":29},"end":{"line":71,"column":33}}],"line":71},"18":{"loc":{"start":{"line":76,"column":4},"end":{"line":79,"column":5}},"type":"if","locations":[{"start":{"line":76,"column":4},"end":{"line":79,"column":5}},{"start":{},"end":{}}],"line":76},"19":{"loc":{"start":{"line":77,"column":20},"end":{"line":77,"column":67}},"type":"binary-expr","locations":[{"start":{"line":77,"column":20},"end":{"line":77,"column":56}},{"start":{"line":77,"column":60},"end":{"line":77,"column":67}}],"line":77},"20":{"loc":{"start":{"line":77,"column":32},"end":{"line":77,"column":52}},"type":"binary-expr","locations":[{"start":{"line":77,"column":32},"end":{"line":77,"column":46}},{"start":{"line":77,"column":50},"end":{"line":77,"column":52}}],"line":77},"21":{"loc":{"start":{"line":89,"column":4},"end":{"line":93,"column":5}},"type":"if","locations":[{"start":{"line":89,"column":4},"end":{"line":93,"column":5}},{"start":{},"end":{}}],"line":89},"22":{"loc":{"start":{"line":89,"column":8},"end":{"line":89,"column":32}},"type":"binary-expr","locations":[{"start":{"line":89,"column":8},"end":{"line":89,"column":19}},{"start":{"line":89,"column":23},"end":{"line":89,"column":32}}],"line":89},"23":{"loc":{"start":{"line":100,"column":4},"end":{"line":102,"column":33}},"type":"if","locations":[{"start":{"line":100,"column":4},"end":{"line":102,"column":33}},{"start":{"line":101,"column":9},"end":{"line":102,"column":33}}],"line":100},"24":{"loc":{"start":{"line":101,"column":9},"end":{"line":102,"column":33}},"type":"if","locations":[{"start":{"line":101,"column":9},"end":{"line":102,"column":33}},{"start":{"line":102,"column":9},"end":{"line":102,"column":33}}],"line":101},"25":{"loc":{"start":{"line":105,"column":4},"end":{"line":105,"column":79}},"type":"if","locations":[{"start":{"line":105,"column":4},"end":{"line":105,"column":79}},{"start":{},"end":{}}],"line":105},"26":{"loc":{"start":{"line":108,"column":4},"end":{"line":108,"column":77}},"type":"if","locations":[{"start":{"line":108,"column":4},"end":{"line":108,"column":77}},{"start":{},"end":{}}],"line":108},"27":{"loc":{"start":{"line":117,"column":15},"end":{"line":117,"column":33}},"type":"binary-expr","locations":[{"start":{"line":117,"column":15},"end":{"line":117,"column":25}},{"start":{"line":117,"column":29},"end":{"line":117,"column":33}}],"line":117},"28":{"loc":{"start":{"line":118,"column":15},"end":{"line":118,"column":33}},"type":"binary-expr","locations":[{"start":{"line":118,"column":15},"end":{"line":118,"column":25}},{"start":{"line":118,"column":29},"end":{"line":118,"column":33}}],"line":118},"29":{"loc":{"start":{"line":131,"column":4},"end":{"line":131,"column":74}},"type":"if","locations":[{"start":{"line":131,"column":4},"end":{"line":131,"column":74}},{"start":{},"end":{}}],"line":131},"30":{"loc":{"start":{"line":143,"column":4},"end":{"line":145,"column":5}},"type":"if","locations":[{"start":{"line":143,"column":4},"end":{"line":145,"column":5}},{"start":{},"end":{}}],"line":143},"31":{"loc":{"start":{"line":143,"column":8},"end":{"line":143,"column":61}},"type":"binary-expr","locations":[{"start":{"line":143,"column":8},"end":{"line":143,"column":17}},{"start":{"line":143,"column":21},"end":{"line":143,"column":61}}],"line":143},"32":{"loc":{"start":{"line":148,"column":4},"end":{"line":150,"column":5}},"type":"if","locations":[{"start":{"line":148,"column":4},"end":{"line":150,"column":5}},{"start":{},"end":{}}],"line":148},"33":{"loc":{"start":{"line":153,"column":4},"end":{"line":153,"column":74}},"type":"if","locations":[{"start":{"line":153,"column":4},"end":{"line":153,"column":74}},{"start":{},"end":{}}],"line":153}},"s":{"0":2,"1":2,"2":2,"3":2,"4":5,"5":2,"6":5,"7":2,"8":8,"9":2,"10":9,"11":9,"12":9,"13":9,"14":9,"15":9,"16":9,"17":1,"18":8,"19":1,"20":7,"21":1,"22":6,"23":6,"24":6,"25":1,"26":5,"27":3,"28":3,"29":1,"30":4,"31":4,"32":1,"33":3,"34":3,"35":2,"36":2,"37":1,"38":1,"39":2,"40":2,"41":1,"42":1,"43":1,"44":0,"45":6,"46":6,"47":6,"48":1,"49":5,"50":5,"51":5,"52":5,"53":3,"54":2,"55":1,"56":1,"57":5,"58":5,"59":1,"60":4,"61":4,"62":1,"63":3,"64":3,"65":0,"66":2,"67":2,"68":2,"69":1,"70":1,"71":0,"72":4,"73":4,"74":4,"75":1,"76":3,"77":3,"78":1,"79":2,"80":2,"81":1,"82":1,"83":1,"84":1,"85":0,"86":2},"f":{"0":5,"1":5,"2":8,"3":9,"4":9,"5":6,"6":2,"7":4},"b":{"0":[8,0],"1":[9,1],"2":[8,1],"3":[3,6],"4":[1,8],"5":[9,8],"6":[1,7],"7":[8,1],"8":[1,6],"9":[6,0],"10":[1,5],"11":[3,2],"12":[1,2],"13":[1,3],"14":[1,1],"15":[2,2,2],"16":[2,0],"17":[2,1],"18":[1,0],"19":[1,0],"20":[1,0],"21":[1,5],"22":[6,5],"23":[3,2],"24":[1,1],"25":[1,4],"26":[1,3],"27":[3,0],"28":[3,0],"29":[1,1],"30":[1,3],"31":[4,4],"32":[1,2],"33":[1,1]},"_coverageSchema":"1a1c01bbd47fc00a2c39e90264f33305004495a9","hash":"d3b1d6a026cc3086a03276d029610ea5bc9e1406"}
,"C:\\Users\\PC\\Desktop\\ALU\\Mission Capstone\\mufashe-mobile\\backend\\src\\controllers\\document.controller.js": {"path":"C:\\Users\\PC\\Desktop\\ALU\\Mission Capstone\\mufashe-mobile\\backend\\src\\controllers\\document.controller.js","statementMap":{"0":{"start":{"line":11,"column":13},"end":{"line":11,"column":28}},"1":{"start":{"line":13,"column":17},"end":{"line":13,"column":46}},"2":{"start":{"line":14,"column":22},"end":{"line":14,"column":56}},"3":{"start":{"line":16,"column":31},"end":{"line":16,"column":77}},"4":{"start":{"line":19,"column":26},"end":{"line":19,"column":81}},"5":{"start":{"line":19,"column":34},"end":{"line":19,"column":80}},"6":{"start":{"line":22,"column":27},"end":{"line":22,"column":66}},"7":{"start":{"line":28,"column":0},"end":{"line":63,"column":2}},"8":{"start":{"line":29,"column":2},"end":{"line":62,"column":3}},"9":{"start":{"line":30,"column":19},"end":{"line":30,"column":31}},"10":{"start":{"line":31,"column":4},"end":{"line":31,"column":74}},"11":{"start":{"line":31,"column":17},"end":{"line":31,"column":74}},"12":{"start":{"line":33,"column":74},"end":{"line":33,"column":88}},"13":{"start":{"line":34,"column":16},"end":{"line":34,"column":43}},"14":{"start":{"line":36,"column":4},"end":{"line":41,"column":5}},"15":{"start":{"line":37,"column":6},"end":{"line":40,"column":9}},"16":{"start":{"line":43,"column":4},"end":{"line":48,"column":5}},"17":{"start":{"line":44,"column":6},"end":{"line":47,"column":9}},"18":{"start":{"line":50,"column":16},"end":{"line":57,"column":6}},"19":{"start":{"line":59,"column":4},"end":{"line":59,"column":80}},"20":{"start":{"line":61,"column":4},"end":{"line":61,"column":81}},"21":{"start":{"line":70,"column":0},"end":{"line":91,"column":2}},"22":{"start":{"line":71,"column":2},"end":{"line":90,"column":3}},"23":{"start":{"line":72,"column":36},"end":{"line":72,"column":45}},"24":{"start":{"line":73,"column":19},"end":{"line":73,"column":21}},"25":{"start":{"line":75,"column":4},"end":{"line":81,"column":5}},"26":{"start":{"line":76,"column":18},"end":{"line":76,"column":45}},"27":{"start":{"line":77,"column":6},"end":{"line":79,"column":7}},"28":{"start":{"line":78,"column":8},"end":{"line":78,"column":98}},"29":{"start":{"line":80,"column":6},"end":{"line":80,"column":28}},"30":{"start":{"line":83,"column":4},"end":{"line":83,"column":68}},"31":{"start":{"line":83,"column":16},"end":{"line":83,"column":68}},"32":{"start":{"line":84,"column":4},"end":{"line":84,"column":70}},"33":{"start":{"line":84,"column":11},"end":{"line":84,"column":70}},"34":{"start":{"line":86,"column":17},"end":{"line":86,"column":68}},"35":{"start":{"line":87,"column":4},"end":{"line":87,"column":65}},"36":{"start":{"line":89,"column":4},"end":{"line":89,"column":81}},"37":{"start":{"line":97,"column":0},"end":{"line":105,"column":2}},"38":{"start":{"line":98,"column":2},"end":{"line":104,"column":3}},"39":{"start":{"line":99,"column":16},"end":{"line":99,"column":54}},"40":{"start":{"line":100,"column":4},"end":{"line":100,"column":77}},"41":{"start":{"line":100,"column":14},"end":{"line":100,"column":77}},"42":{"start":{"line":101,"column":4},"end":{"line":101,"column":25}},"43":{"start":{"line":103,"column":4},"end":{"line":103,"column":88}},"44":{"start":{"line":111,"column":0},"end":{"line":136,"column":2}},"45":{"start":{"line":112,"column":2},"end":{"line":135,"column":3}},"46":{"start":{"line":113,"column":20},"end":{"line":113,"column":35}},"47":{"start":{"line":115,"column":4},"end":{"line":121,"column":5}},"48":{"start":{"line":116,"column":18},"end":{"line":116,"column":53}},"49":{"start":{"line":117,"column":6},"end":{"line":119,"column":7}},"50":{"start":{"line":118,"column":8},"end":{"line":118,"column":98}},"51":{"start":{"line":120,"column":6},"end":{"line":120,"column":29}},"52":{"start":{"line":124,"column":4},"end":{"line":124,"column":25}},"53":{"start":{"line":126,"column":16},"end":{"line":129,"column":6}},"54":{"start":{"line":131,"column":4},"end":{"line":131,"column":77}},"55":{"start":{"line":131,"column":14},"end":{"line":131,"column":77}},"56":{"start":{"line":132,"column":4},"end":{"line":132,"column":68}},"57":{"start":{"line":134,"column":4},"end":{"line":134,"column":82}},"58":{"start":{"line":142,"column":0},"end":{"line":220,"column":2}},"59":{"start":{"line":143,"column":2},"end":{"line":219,"column":3}},"60":{"start":{"line":144,"column":19},"end":{"line":144,"column":31}},"61":{"start":{"line":145,"column":4},"end":{"line":145,"column":74}},"62":{"start":{"line":145,"column":17},"end":{"line":145,"column":74}},"63":{"start":{"line":147,"column":4},"end":{"line":152,"column":5}},"64":{"start":{"line":148,"column":6},"end":{"line":151,"column":9}},"65":{"start":{"line":154,"column":86},"end":{"line":154,"column":100}},"66":{"start":{"line":155,"column":16},"end":{"line":155,"column":43}},"67":{"start":{"line":157,"column":4},"end":{"line":159,"column":5}},"68":{"start":{"line":158,"column":6},"end":{"line":158,"column":96}},"69":{"start":{"line":162,"column":20},"end":{"line":162,"column":84}},"70":{"start":{"line":165,"column":4},"end":{"line":192,"column":5}},"71":{"start":{"line":166,"column":22},"end":{"line":186,"column":7}},"72":{"start":{"line":188,"column":6},"end":{"line":188,"column":83}},"73":{"start":{"line":188,"column":20},"end":{"line":188,"column":83}},"74":{"start":{"line":190,"column":6},"end":{"line":190,"column":66}},"75":{"start":{"line":191,"column":6},"end":{"line":191,"column":91}},"76":{"start":{"line":195,"column":4},"end":{"line":201,"column":5}},"77":{"start":{"line":196,"column":6},"end":{"line":200,"column":9}},"78":{"start":{"line":203,"column":16},"end":{"line":214,"column":6}},"79":{"start":{"line":216,"column":4},"end":{"line":216,"column":97}},"80":{"start":{"line":218,"column":4},"end":{"line":218,"column":82}},"81":{"start":{"line":226,"column":0},"end":{"line":242,"column":2}},"82":{"start":{"line":227,"column":2},"end":{"line":241,"column":3}},"83":{"start":{"line":228,"column":19},"end":{"line":228,"column":58}},"84":{"start":{"line":230,"column":4},"end":{"line":234,"column":7}},"85":{"start":{"line":236,"column":4},"end":{"line":240,"column":7}},"86":{"start":{"line":249,"column":0},"end":{"line":297,"column":2}},"87":{"start":{"line":250,"column":2},"end":{"line":296,"column":3}},"88":{"start":{"line":251,"column":19},"end":{"line":251,"column":71}},"89":{"start":{"line":252,"column":18},"end":{"line":252,"column":47}},"90":{"start":{"line":254,"column":17},"end":{"line":254,"column":84}},"91":{"start":{"line":256,"column":4},"end":{"line":265,"column":5}},"92":{"start":{"line":257,"column":6},"end":{"line":264,"column":9}},"93":{"start":{"line":267,"column":20},"end":{"line":267,"column":22}},"94":{"start":{"line":268,"column":20},"end":{"line":268,"column":21}},"95":{"start":{"line":269,"column":17},"end":{"line":269,"column":18}},"96":{"start":{"line":271,"column":4},"end":{"line":280,"column":5}},"97":{"start":{"line":272,"column":6},"end":{"line":279,"column":7}},"98":{"start":{"line":273,"column":18},"end":{"line":273,"column":49}},"99":{"start":{"line":274,"column":8},"end":{"line":274,"column":23}},"100":{"start":{"line":275,"column":8},"end":{"line":275,"column":76}},"101":{"start":{"line":277,"column":8},"end":{"line":277,"column":20}},"102":{"start":{"line":278,"column":8},"end":{"line":278,"column":89}},"103":{"start":{"line":282,"column":4},"end":{"line":289,"column":7}},"104":{"start":{"line":291,"column":4},"end":{"line":295,"column":7}},"105":{"start":{"line":303,"column":0},"end":{"line":314,"column":2}},"106":{"start":{"line":304,"column":2},"end":{"line":313,"column":3}},"107":{"start":{"line":305,"column":16},"end":{"line":305,"column":63}},"108":{"start":{"line":306,"column":4},"end":{"line":306,"column":77}},"109":{"start":{"line":306,"column":14},"end":{"line":306,"column":77}},"110":{"start":{"line":308,"column":4},"end":{"line":308,"column":60}},"111":{"start":{"line":310,"column":4},"end":{"line":310,"column":78}},"112":{"start":{"line":312,"column":4},"end":{"line":312,"column":88}}},"fnMap":{"0":{"name":"(anonymous_0)","decl":{"start":{"line":19,"column":26},"end":{"line":19,"column":27}},"loc":{"start":{"line":19,"column":34},"end":{"line":19,"column":80}},"line":19},"1":{"name":"(anonymous_1)","decl":{"start":{"line":28,"column":25},"end":{"line":28,"column":26}},"loc":{"start":{"line":28,"column":45},"end":{"line":63,"column":1}},"line":28},"2":{"name":"(anonymous_2)","decl":{"start":{"line":70,"column":24},"end":{"line":70,"column":25}},"loc":{"start":{"line":70,"column":44},"end":{"line":91,"column":1}},"line":70},"3":{"name":"(anonymous_3)","decl":{"start":{"line":97,"column":26},"end":{"line":97,"column":27}},"loc":{"start":{"line":97,"column":46},"end":{"line":105,"column":1}},"line":97},"4":{"name":"(anonymous_4)","decl":{"start":{"line":111,"column":25},"end":{"line":111,"column":26}},"loc":{"start":{"line":111,"column":45},"end":{"line":136,"column":1}},"line":111},"5":{"name":"(anonymous_5)","decl":{"start":{"line":142,"column":28},"end":{"line":142,"column":29}},"loc":{"start":{"line":142,"column":48},"end":{"line":220,"column":1}},"line":142},"6":{"name":"(anonymous_6)","decl":{"start":{"line":226,"column":30},"end":{"line":226,"column":31}},"loc":{"start":{"line":226,"column":50},"end":{"line":242,"column":1}},"line":226},"7":{"name":"(anonymous_7)","decl":{"start":{"line":249,"column":30},"end":{"line":249,"column":31}},"loc":{"start":{"line":249,"column":50},"end":{"line":297,"column":1}},"line":249},"8":{"name":"(anonymous_8)","decl":{"start":{"line":303,"column":25},"end":{"line":303,"column":26}},"loc":{"start":{"line":303,"column":45},"end":{"line":314,"column":1}},"line":303}},"branchMap":{"0":{"loc":{"start":{"line":19,"column":34},"end":{"line":19,"column":80}},"type":"cond-expr","locations":[{"start":{"line":19,"column":38},"end":{"line":19,"column":68}},{"start":{"line":19,"column":71},"end":{"line":19,"column":80}}],"line":19},"1":{"loc":{"start":{"line":31,"column":4},"end":{"line":31,"column":74}},"type":"if","locations":[{"start":{"line":31,"column":4},"end":{"line":31,"column":74}},{"start":{},"end":{}}],"line":31},"2":{"loc":{"start":{"line":33,"column":29},"end":{"line":33,"column":44}},"type":"default-arg","locations":[{"start":{"line":33,"column":39},"end":{"line":33,"column":44}}],"line":33},"3":{"loc":{"start":{"line":33,"column":46},"end":{"line":33,"column":69}},"type":"default-arg","locations":[{"start":{"line":33,"column":61},"end":{"line":33,"column":69}}],"line":33},"4":{"loc":{"start":{"line":33,"column":74},"end":{"line":33,"column":88}},"type":"binary-expr","locations":[{"start":{"line":33,"column":74},"end":{"line":33,"column":82}},{"start":{"line":33,"column":86},"end":{"line":33,"column":88}}],"line":33},"5":{"loc":{"start":{"line":36,"column":4},"end":{"line":41,"column":5}},"type":"if","locations":[{"start":{"line":36,"column":4},"end":{"line":41,"column":5}},{"start":{},"end":{}}],"line":36},"6":{"loc":{"start":{"line":36,"column":8},"end":{"line":36,"column":22}},"type":"binary-expr","locations":[{"start":{"line":36,"column":8},"end":{"line":36,"column":14}},{"start":{"line":36,"column":18},"end":{"line":36,"column":22}}],"line":36},"7":{"loc":{"start":{"line":43,"column":4},"end":{"line":48,"column":5}},"type":"if","locations":[{"start":{"line":43,"column":4},"end":{"line":48,"column":5}},{"start":{},"end":{}}],"line":43},"8":{"loc":{"start":{"line":75,"column":4},"end":{"line":81,"column":5}},"type":"if","locations":[{"start":{"line":75,"column":4},"end":{"line":81,"column":5}},{"start":{},"end":{}}],"line":75},"9":{"loc":{"start":{"line":77,"column":6},"end":{"line":79,"column":7}},"type":"if","locations":[{"start":{"line":77,"column":6},"end":{"line":79,"column":7}},{"start":{},"end":{}}],"line":77},"10":{"loc":{"start":{"line":77,"column":10},"end":{"line":77,"column":51}},"type":"binary-expr","locations":[{"start":{"line":77,"column":10},"end":{"line":77,"column":14}},{"start":{"line":77,"column":18},"end":{"line":77,"column":51}}],"line":77},"11":{"loc":{"start":{"line":83,"column":4},"end":{"line":83,"column":68}},"type":"if","locations":[{"start":{"line":83,"column":4},"end":{"line":83,"column":68}},{"start":{},"end":{}}],"line":83},"12":{"loc":{"start":{"line":84,"column":4},"end":{"line":84,"column":70}},"type":"if","locations":[{"start":{"line":84,"column":4},"end":{"line":84,"column":70}},{"start":{},"end":{}}],"line":84},"13":{"loc":{"start":{"line":100,"column":4},"end":{"line":100,"column":77}},"type":"if","locations":[{"start":{"line":100,"column":4},"end":{"line":100,"column":77}},{"start":{},"end":{}}],"line":100},"14":{"loc":{"start":{"line":115,"column":4},"end":{"line":121,"column":5}},"type":"if","locations":[{"start":{"line":115,"column":4},"end":{"line":121,"column":5}},{"start":{},"end":{}}],"line":115},"15":{"loc":{"start":{"line":117,"column":6},"end":{"line":119,"column":7}},"type":"if","locations":[{"start":{"line":117,"column":6},"end":{"line":119,"column":7}},{"start":{},"end":{}}],"line":117},"16":{"loc":{"start":{"line":117,"column":10},"end":{"line":117,"column":51}},"type":"binary-expr","locations":[{"start":{"line":117,"column":10},"end":{"line":117,"column":14}},{"start":{"line":117,"column":18},"end":{"line":117,"column":51}}],"line":117},"17":{"loc":{"start":{"line":131,"column":4},"end":{"line":131,"column":77}},"type":"if","locations":[{"start":{"line":131,"column":4},"end":{"line":131,"column":77}},{"start":{},"end":{}}],"line":131},"18":{"loc":{"start":{"line":145,"column":4},"end":{"line":145,"column":74}},"type":"if","locations":[{"start":{"line":145,"column":4},"end":{"line":145,"column":74}},{"start":{},"end":{}}],"line":145},"19":{"loc":{"start":{"line":147,"column":4},"end":{"line":152,"column":5}},"type":"if","locations":[{"start":{"line":147,"column":4},"end":{"line":152,"column":5}},{"start":{},"end":{}}],"line":147},"20":{"loc":{"start":{"line":154,"column":29},"end":{"line":154,"column":44}},"type":"default-arg","locations":[{"start":{"line":154,"column":39},"end":{"line":154,"column":44}}],"line":154},"21":{"loc":{"start":{"line":154,"column":46},"end":{"line":154,"column":69}},"type":"default-arg","locations":[{"start":{"line":154,"column":61},"end":{"line":154,"column":69}}],"line":154},"22":{"loc":{"start":{"line":154,"column":86},"end":{"line":154,"column":100}},"type":"binary-expr","locations":[{"start":{"line":154,"column":86},"end":{"line":154,"column":94}},{"start":{"line":154,"column":98},"end":{"line":154,"column":100}}],"line":154},"23":{"loc":{"start":{"line":157,"column":4},"end":{"line":159,"column":5}},"type":"if","locations":[{"start":{"line":157,"column":4},"end":{"line":159,"column":5}},{"start":{},"end":{}}],"line":157},"24":{"loc":{"start":{"line":157,"column":8},"end":{"line":157,"column":48}},"type":"binary-expr","locations":[{"start":{"line":157,"column":8},"end":{"line":157,"column":11}},{"start":{"line":157,"column":15},"end":{"line":157,"column":48}}],"line":157},"25":{"loc":{"start":{"line":165,"column":4},"end":{"line":192,"column":5}},"type":"if","locations":[{"start":{"line":165,"column":4},"end":{"line":192,"column":5}},{"start":{},"end":{}}],"line":165},"26":{"loc":{"start":{"line":169,"column":14},"end":{"line":169,"column":50}},"type":"cond-expr","locations":[{"start":{"line":169,"column":22},"end":{"line":169,"column":45}},{"start":{"line":169,"column":48},"end":{"line":169,"column":50}}],"line":169},"27":{"loc":{"start":{"line":170,"column":14},"end":{"line":170,"column":42}},"type":"cond-expr","locations":[{"start":{"line":170,"column":20},"end":{"line":170,"column":37}},{"start":{"line":170,"column":40},"end":{"line":170,"column":42}}],"line":170},"28":{"loc":{"start":{"line":188,"column":6},"end":{"line":188,"column":83}},"type":"if","locations":[{"start":{"line":188,"column":6},"end":{"line":188,"column":83}},{"start":{},"end":{}}],"line":188},"29":{"loc":{"start":{"line":195,"column":4},"end":{"line":201,"column":5}},"type":"if","locations":[{"start":{"line":195,"column":4},"end":{"line":201,"column":5}},{"start":{},"end":{}}],"line":195},"30":{"loc":{"start":{"line":195,"column":8},"end":{"line":195,"column":22}},"type":"binary-expr","locations":[{"start":{"line":195,"column":8},"end":{"line":195,"column":14}},{"start":{"line":195,"column":18},"end":{"line":195,"column":22}}],"line":195},"31":{"loc":{"start":{"line":251,"column":26},"end":{"line":251,"column":56}},"type":"binary-expr","locations":[{"start":{"line":251,"column":26},"end":{"line":251,"column":42}},{"start":{"line":251,"column":46},"end":{"line":251,"column":56}}],"line":251},"32":{"loc":{"start":{"line":252,"column":25},"end":{"line":252,"column":46}},"type":"binary-expr","locations":[{"start":{"line":252,"column":25},"end":{"line":252,"column":40}},{"start":{"line":252,"column":44},"end":{"line":252,"column":46}}],"line":252},"33":{"loc":{"start":{"line":256,"column":4},"end":{"line":265,"column":5}},"type":"if","locations":[{"start":{"line":256,"column":4},"end":{"line":265,"column":5}},{"start":{},"end":{}}],"line":256},"34":{"loc":{"start":{"line":306,"column":4},"end":{"line":306,"column":77}},"type":"if","locations":[{"start":{"line":306,"column":4},"end":{"line":306,"column":77}},{"start":{},"end":{}}],"line":306}},"s":{"0":2,"1":2,"2":2,"3":2,"4":2,"5":14,"6":2,"7":2,"8":5,"9":5,"10":5,"11":1,"12":4,"13":4,"14":4,"15":1,"16":3,"17":1,"18":2,"19":1,"20":1,"21":2,"22":3,"23":3,"24":3,"25":3,"26":2,"27":2,"28":1,"29":1,"30":2,"31":1,"32":2,"33":1,"34":2,"35":1,"36":1,"37":2,"38":3,"39":3,"40":2,"41":1,"42":1,"43":1,"44":2,"45":4,"46":4,"47":4,"48":2,"49":2,"50":1,"51":1,"52":3,"53":3,"54":2,"55":1,"56":1,"57":1,"58":2,"59":8,"60":8,"61":8,"62":1,"63":7,"64":1,"65":6,"66":6,"67":6,"68":1,"69":5,"70":5,"71":2,"72":2,"73":1,"74":1,"75":1,"76":3,"77":1,"78":2,"79":1,"80":1,"81":2,"82":2,"83":2,"84":1,"85":1,"86":2,"87":3,"88":3,"89":3,"90":3,"91":2,"92":1,"93":1,"94":1,"95":1,"96":1,"97":2,"98":2,"99":1,"100":1,"101":1,"102":1,"103":1,"104":1,"105":2,"106":3,"107":3,"108":2,"109":1,"110":1,"111":1,"112":1},"f":{"0":14,"1":5,"2":3,"3":3,"4":4,"5":8,"6":2,"7":3,"8":3},"b":{"0":[11,3],"1":[1,4],"2":[3],"3":[3],"4":[4,0],"5":[1,3],"6":[4,4],"7":[1,2],"8":[2,1],"9":[1,1],"10":[2,2],"11":[1,1],"12":[1,1],"13":[1,1],"14":[2,2],"15":[1,1],"16":[2,2],"17":[1,1],"18":[1,7],"19":[1,6],"20":[4],"21":[4],"22":[6,0],"23":[1,5],"24":[6,4],"25":[2,3],"26":[1,1],"27":[1,1],"28":[1,1],"29":[1,2],"30":[3,2],"31":[3,1],"32":[3,1],"33":[1,1],"34":[1,1]},"_coverageSchema":"1a1c01bbd47fc00a2c39e90264f33305004495a9","hash":"773cf92371ffef24b176e94b60d941ec30d76d49"}
,"C:\\Users\\PC\\Desktop\\ALU\\Mission Capstone\\mufashe-mobile\\backend\\src\\controllers\\googleAuth.controller.js": {"path":"C:\\Users\\PC\\Desktop\\ALU\\Mission Capstone\\mufashe-mobile\\backend\\src\\controllers\\googleAuth.controller.js","statementMap":{"0":{"start":{"line":2,"column":25},"end":{"line":2,"column":55}},"1":{"start":{"line":3,"column":13},"end":{"line":3,"column":38}},"2":{"start":{"line":4,"column":12},"end":{"line":4,"column":35}},"3":{"start":{"line":6,"column":18},"end":{"line":6,"column":87}},"4":{"start":{"line":6,"column":26},"end":{"line":6,"column":87}},"5":{"start":{"line":8,"column":15},"end":{"line":8,"column":61}},"6":{"start":{"line":10,"column":0},"end":{"line":62,"column":2}},"7":{"start":{"line":11,"column":2},"end":{"line":61,"column":3}},"8":{"start":{"line":12,"column":24},"end":{"line":12,"column":32}},"9":{"start":{"line":13,"column":4},"end":{"line":13,"column":82}},"10":{"start":{"line":13,"column":18},"end":{"line":13,"column":82}},"11":{"start":{"line":15,"column":19},"end":{"line":18,"column":6}},"12":{"start":{"line":20,"column":20},"end":{"line":20,"column":39}},"13":{"start":{"line":22,"column":21},"end":{"line":22,"column":32}},"14":{"start":{"line":23,"column":18},"end":{"line":23,"column":46}},"15":{"start":{"line":24,"column":27},"end":{"line":24,"column":49}},"16":{"start":{"line":26,"column":15},"end":{"line":26,"column":47}},"17":{"start":{"line":28,"column":4},"end":{"line":31,"column":5}},"18":{"start":{"line":30,"column":6},"end":{"line":30,"column":43}},"19":{"start":{"line":33,"column":4},"end":{"line":51,"column":5}},"20":{"start":{"line":35,"column":19},"end":{"line":35,"column":76}},"21":{"start":{"line":36,"column":25},"end":{"line":36,"column":58}},"22":{"start":{"line":38,"column":6},"end":{"line":44,"column":9}},"23":{"start":{"line":47,"column":6},"end":{"line":47,"column":48}},"24":{"start":{"line":48,"column":6},"end":{"line":48,"column":35}},"25":{"start":{"line":49,"column":6},"end":{"line":49,"column":51}},"26":{"start":{"line":49,"column":32},"end":{"line":49,"column":51}},"27":{"start":{"line":50,"column":6},"end":{"line":50,"column":24}},"28":{"start":{"line":53,"column":18},"end":{"line":53,"column":37}},"29":{"start":{"line":55,"column":4},"end":{"line":58,"column":7}},"30":{"start":{"line":60,"column":4},"end":{"line":60,"column":88}}},"fnMap":{"0":{"name":"(anonymous_0)","decl":{"start":{"line":6,"column":18},"end":{"line":6,"column":19}},"loc":{"start":{"line":6,"column":26},"end":{"line":6,"column":87}},"line":6},"1":{"name":"(anonymous_1)","decl":{"start":{"line":10,"column":22},"end":{"line":10,"column":23}},"loc":{"start":{"line":10,"column":42},"end":{"line":62,"column":1}},"line":10}},"branchMap":{"0":{"loc":{"start":{"line":13,"column":4},"end":{"line":13,"column":82}},"type":"if","locations":[{"start":{"line":13,"column":4},"end":{"line":13,"column":82}},{"start":{},"end":{}}],"line":13},"1":{"loc":{"start":{"line":24,"column":27},"end":{"line":24,"column":49}},"type":"binary-expr","locations":[{"start":{"line":24,"column":27},"end":{"line":24,"column":39}},{"start":{"line":24,"column":43},"end":{"line":24,"column":49}}],"line":24},"2":{"loc":{"start":{"line":28,"column":4},"end":{"line":31,"column":5}},"type":"if","locations":[{"start":{"line":28,"column":4},"end":{"line":31,"column":5}},{"start":{},"end":{}}],"line":28},"3":{"loc":{"start":{"line":28,"column":8},"end":{"line":28,"column":22}},"type":"binary-expr","locations":[{"start":{"line":28,"column":8},"end":{"line":28,"column":13}},{"start":{"line":28,"column":17},"end":{"line":28,"column":22}}],"line":28},"4":{"loc":{"start":{"line":33,"column":4},"end":{"line":51,"column":5}},"type":"if","locations":[{"start":{"line":33,"column":4},"end":{"line":51,"column":5}},{"start":{"line":45,"column":11},"end":{"line":51,"column":5}}],"line":33},"5":{"loc":{"start":{"line":35,"column":19},"end":{"line":35,"column":76}},"type":"binary-expr","locations":[{"start":{"line":35,"column":19},"end":{"line":35,"column":66}},{"start":{"line":35,"column":70},"end":{"line":35,"column":76}}],"line":35},"6":{"loc":{"start":{"line":47,"column":22},"end":{"line":47,"column":47}},"type":"binary-expr","locations":[{"start":{"line":47,"column":22},"end":{"line":47,"column":35}},{"start":{"line":47,"column":39},"end":{"line":47,"column":47}}],"line":47},"7":{"loc":{"start":{"line":49,"column":6},"end":{"line":49,"column":51}},"type":"if","locations":[{"start":{"line":49,"column":6},"end":{"line":49,"column":51}},{"start":{},"end":{}}],"line":49},"8":{"loc":{"start":{"line":49,"column":10},"end":{"line":49,"column":30}},"type":"binary-expr","locations":[{"start":{"line":49,"column":10},"end":{"line":49,"column":21}},{"start":{"line":49,"column":25},"end":{"line":49,"column":30}}],"line":49},"9":{"loc":{"start":{"line":57,"column":52},"end":{"line":57,"column":70}},"type":"binary-expr","locations":[{"start":{"line":57,"column":52},"end":{"line":57,"column":62}},{"start":{"line":57,"column":66},"end":{"line":57,"column":70}}],"line":57},"10":{"loc":{"start":{"line":57,"column":79},"end":{"line":57,"column":97}},"type":"binary-expr","locations":[{"start":{"line":57,"column":79},"end":{"line":57,"column":89}},{"start":{"line":57,"column":93},"end":{"line":57,"column":97}}],"line":57}},"s":{"0":1,"1":1,"2":1,"3":1,"4":0,"5":1,"6":1,"7":0,"8":0,"9":0,"10":0,"11":0,"12":0,"13":0,"14":0,"15":0,"16":0,"17":0,"18":0,"19":0,"20":0,"21":0,"22":0,"23":0,"24":0,"25":0,"26":0,"27":0,"28":0,"29":0,"30":0},"f":{"0":0,"1":0},"b":{"0":[0,0],"1":[0,0],"2":[0,0],"3":[0,0],"4":[0,0],"5":[0,0],"6":[0,0],"7":[0,0],"8":[0,0],"9":[0,0],"10":[0,0]},"_coverageSchema":"1a1c01bbd47fc00a2c39e90264f33305004495a9","hash":"f44c4e05b4429fc8babc4a211ca3748b9b99e911"}
,"C:\\Users\\PC\\Desktop\\ALU\\Mission Capstone\\mufashe-mobile\\backend\\src\\controllers\\qa.controller.js": {"path":"C:\\Users\\PC\\Desktop\\ALU\\Mission Capstone\\mufashe-mobile\\backend\\src\\controllers\\qa.controller.js","statementMap":{"0":{"start":{"line":3,"column":27},"end":{"line":3,"column":60}},"1":{"start":{"line":4,"column":17},"end":{"line":4,"column":46}},"2":{"start":{"line":6,"column":0},"end":{"line":69,"column":2}},"3":{"start":{"line":7,"column":2},"end":{"line":68,"column":3}},"4":{"start":{"line":8,"column":19},"end":{"line":8,"column":48}},"5":{"start":{"line":9,"column":4},"end":{"line":11,"column":5}},"6":{"start":{"line":10,"column":6},"end":{"line":10,"column":63}},"7":{"start":{"line":13,"column":57},"end":{"line":13,"column":71}},"8":{"start":{"line":14,"column":14},"end":{"line":14,"column":43}},"9":{"start":{"line":16,"column":4},"end":{"line":18,"column":5}},"10":{"start":{"line":17,"column":6},"end":{"line":17,"column":71}},"11":{"start":{"line":20,"column":19},"end":{"line":26,"column":6}},"12":{"start":{"line":29,"column":6},"end":{"line":32,"column":8}},"13":{"start":{"line":34,"column":20},"end":{"line":38,"column":10}},"14":{"start":{"line":40,"column":24},"end":{"line":42,"column":533}},"15":{"start":{"line":44,"column":18},"end":{"line":52,"column":6}},"16":{"start":{"line":54,"column":4},"end":{"line":59,"column":7}},"17":{"start":{"line":61,"column":4},"end":{"line":61,"column":42}},"18":{"start":{"line":62,"column":4},"end":{"line":62,"column":49}},"19":{"start":{"line":64,"column":4},"end":{"line":67,"column":7}}},"fnMap":{"0":{"name":"(anonymous_0)","decl":{"start":{"line":6,"column":14},"end":{"line":6,"column":15}},"loc":{"start":{"line":6,"column":34},"end":{"line":69,"column":1}},"line":6}},"branchMap":{"0":{"loc":{"start":{"line":8,"column":19},"end":{"line":8,"column":48}},"type":"binary-expr","locations":[{"start":{"line":8,"column":19},"end":{"line":8,"column":31}},{"start":{"line":8,"column":35},"end":{"line":8,"column":48}}],"line":8},"1":{"loc":{"start":{"line":9,"column":4},"end":{"line":11,"column":5}},"type":"if","locations":[{"start":{"line":9,"column":4},"end":{"line":11,"column":5}},{"start":{},"end":{}}],"line":9},"2":{"loc":{"start":{"line":13,"column":22},"end":{"line":13,"column":30}},"type":"default-arg","locations":[{"start":{"line":13,"column":29},"end":{"line":13,"column":30}}],"line":13},"3":{"loc":{"start":{"line":13,"column":57},"end":{"line":13,"column":71}},"type":"binary-expr","locations":[{"start":{"line":13,"column":57},"end":{"line":13,"column":65}},{"start":{"line":13,"column":69},"end":{"line":13,"column":71}}],"line":13},"4":{"loc":{"start":{"line":14,"column":21},"end":{"line":14,"column":35}},"type":"binary-expr","locations":[{"start":{"line":14,"column":21},"end":{"line":14,"column":29}},{"start":{"line":14,"column":33},"end":{"line":14,"column":35}}],"line":14},"5":{"loc":{"start":{"line":16,"column":4},"end":{"line":18,"column":5}},"type":"if","locations":[{"start":{"line":16,"column":4},"end":{"line":18,"column":5}},{"start":{},"end":{}}],"line":16},"6":{"loc":{"start":{"line":23,"column":12},"end":{"line":23,"column":29}},"type":"binary-expr","locations":[{"start":{"line":23,"column":12},"end":{"line":23,"column":24}},{"start":{"line":23,"column":28},"end":{"line":23,"column":29}}],"line":23},"7":{"loc":{"start":{"line":29,"column":6},"end":{"line":32,"column":8}},"type":"binary-expr","locations":[{"start":{"line":29,"column":6},"end":{"line":29,"column":20}},{"start":{"line":30,"column":6},"end":{"line":30,"column":25}},{"start":{"line":31,"column":6},"end":{"line":31,"column":26}},{"start":{"line":32,"column":6},"end":{"line":32,"column":8}}],"line":29},"8":{"loc":{"start":{"line":34,"column":20},"end":{"line":38,"column":10}},"type":"cond-expr","locations":[{"start":{"line":35,"column":8},"end":{"line":35,"column":22}},{"start":{"line":36,"column":8},"end":{"line":38,"column":10}}],"line":34},"9":{"loc":{"start":{"line":36,"column":8},"end":{"line":38,"column":10}},"type":"cond-expr","locations":[{"start":{"line":37,"column":8},"end":{"line":37,"column":24}},{"start":{"line":38,"column":8},"end":{"line":38,"column":10}}],"line":36},"10":{"loc":{"start":{"line":40,"column":24},"end":{"line":42,"column":533}},"type":"cond-expr","locations":[{"start":{"line":41,"column":8},"end":{"line":41,"column":18}},{"start":{"line":42,"column":8},"end":{"line":42,"column":533}}],"line":40},"11":{"loc":{"start":{"line":48,"column":16},"end":{"line":48,"column":71}},"type":"cond-expr","locations":[{"start":{"line":48,"column":27},"end":{"line":48,"column":64}},{"start":{"line":48,"column":67},"end":{"line":48,"column":71}}],"line":48},"12":{"loc":{"start":{"line":49,"column":18},"end":{"line":49,"column":36}},"type":"binary-expr","locations":[{"start":{"line":49,"column":18},"end":{"line":49,"column":28}},{"start":{"line":49,"column":32},"end":{"line":49,"column":36}}],"line":49},"13":{"loc":{"start":{"line":66,"column":13},"end":{"line":66,"column":44}},"type":"binary-expr","locations":[{"start":{"line":66,"column":13},"end":{"line":66,"column":25}},{"start":{"line":66,"column":29},"end":{"line":66,"column":44}}],"line":66}},"s":{"0":2,"1":2,"2":2,"3":4,"4":4,"5":4,"6":1,"7":3,"8":3,"9":3,"10":1,"11":2,"12":1,"13":1,"14":1,"15":1,"16":1,"17":1,"18":1,"19":1},"f":{"0":4},"b":{"0":[4,1],"1":[1,3],"2":[3],"3":[3,0],"4":[3,0],"5":[1,2],"6":[2,0],"7":[1,0,0,0],"8":[1,0],"9":[0,0],"10":[1,0],"11":[0,1],"12":[1,1],"13":[1,0]},"_coverageSchema":"1a1c01bbd47fc00a2c39e90264f33305004495a9","hash":"3f5396ac58109fb17ad5a1e8895baadaf8e8d327"}
,"C:\\Users\\PC\\Desktop\\ALU\\Mission Capstone\\mufashe-mobile\\backend\\src\\controllers\\questions.controller.js": {"path":"C:\\Users\\PC\\Desktop\\ALU\\Mission Capstone\\mufashe-mobile\\backend\\src\\controllers\\questions.controller.js","statementMap":{"0":{"start":{"line":2,"column":17},"end":{"line":2,"column":46}},"1":{"start":{"line":5,"column":2},"end":{"line":5,"column":64}},"2":{"start":{"line":8,"column":0},"end":{"line":24,"column":2}},"3":{"start":{"line":9,"column":2},"end":{"line":23,"column":3}},"4":{"start":{"line":10,"column":19},"end":{"line":10,"column":48}},"5":{"start":{"line":11,"column":4},"end":{"line":11,"column":74}},"6":{"start":{"line":11,"column":17},"end":{"line":11,"column":74}},"7":{"start":{"line":13,"column":18},"end":{"line":13,"column":60}},"8":{"start":{"line":15,"column":18},"end":{"line":18,"column":65}},"9":{"start":{"line":20,"column":4},"end":{"line":20,"column":52}},"10":{"start":{"line":22,"column":4},"end":{"line":22,"column":81}},"11":{"start":{"line":26,"column":0},"end":{"line":39,"column":2}},"12":{"start":{"line":27,"column":2},"end":{"line":38,"column":3}},"13":{"start":{"line":28,"column":19},"end":{"line":28,"column":48}},"14":{"start":{"line":29,"column":4},"end":{"line":29,"column":74}},"15":{"start":{"line":29,"column":17},"end":{"line":29,"column":74}},"16":{"start":{"line":31,"column":18},"end":{"line":33,"column":65}},"17":{"start":{"line":35,"column":4},"end":{"line":35,"column":52}},"18":{"start":{"line":37,"column":4},"end":{"line":37,"column":81}},"19":{"start":{"line":41,"column":0},"end":{"line":61,"column":2}},"20":{"start":{"line":42,"column":2},"end":{"line":60,"column":3}},"21":{"start":{"line":43,"column":19},"end":{"line":43,"column":48}},"22":{"start":{"line":44,"column":4},"end":{"line":44,"column":74}},"23":{"start":{"line":44,"column":17},"end":{"line":44,"column":74}},"24":{"start":{"line":46,"column":17},"end":{"line":49,"column":5}},"25":{"start":{"line":51,"column":4},"end":{"line":51,"column":78}},"26":{"start":{"line":51,"column":15},"end":{"line":51,"column":78}},"27":{"start":{"line":53,"column":4},"end":{"line":55,"column":5}},"28":{"start":{"line":54,"column":6},"end":{"line":54,"column":60}},"29":{"start":{"line":57,"column":4},"end":{"line":57,"column":30}},"30":{"start":{"line":59,"column":4},"end":{"line":59,"column":79}},"31":{"start":{"line":64,"column":0},"end":{"line":83,"column":2}},"32":{"start":{"line":65,"column":2},"end":{"line":82,"column":3}},"33":{"start":{"line":66,"column":19},"end":{"line":66,"column":63}},"34":{"start":{"line":67,"column":14},"end":{"line":67,"column":46}},"35":{"start":{"line":69,"column":19},"end":{"line":69,"column":21}},"36":{"start":{"line":70,"column":4},"end":{"line":70,"column":85}},"37":{"start":{"line":70,"column":62},"end":{"line":70,"column":85}},"38":{"start":{"line":71,"column":4},"end":{"line":71,"column":58}},"39":{"start":{"line":71,"column":11},"end":{"line":71,"column":58}},"40":{"start":{"line":73,"column":18},"end":{"line":77,"column":78}},"41":{"start":{"line":79,"column":4},"end":{"line":79,"column":60}},"42":{"start":{"line":81,"column":4},"end":{"line":81,"column":81}},"43":{"start":{"line":85,"column":0},"end":{"line":100,"column":2}},"44":{"start":{"line":86,"column":2},"end":{"line":99,"column":3}},"45":{"start":{"line":87,"column":20},"end":{"line":87,"column":49}},"46":{"start":{"line":89,"column":17},"end":{"line":93,"column":5}},"47":{"start":{"line":95,"column":4},"end":{"line":95,"column":78}},"48":{"start":{"line":95,"column":15},"end":{"line":95,"column":78}},"49":{"start":{"line":96,"column":4},"end":{"line":96,"column":40}},"50":{"start":{"line":98,"column":4},"end":{"line":98,"column":83}},"51":{"start":{"line":102,"column":0},"end":{"line":118,"column":2}},"52":{"start":{"line":103,"column":2},"end":{"line":117,"column":3}},"53":{"start":{"line":104,"column":20},"end":{"line":104,"column":49}},"54":{"start":{"line":105,"column":23},"end":{"line":105,"column":64}},"55":{"start":{"line":107,"column":17},"end":{"line":111,"column":5}},"56":{"start":{"line":113,"column":4},"end":{"line":113,"column":78}},"57":{"start":{"line":113,"column":15},"end":{"line":113,"column":78}},"58":{"start":{"line":114,"column":4},"end":{"line":114,"column":40}},"59":{"start":{"line":116,"column":4},"end":{"line":116,"column":82}}},"fnMap":{"0":{"name":"isAdmin","decl":{"start":{"line":4,"column":9},"end":{"line":4,"column":16}},"loc":{"start":{"line":4,"column":22},"end":{"line":6,"column":1}},"line":4},"1":{"name":"(anonymous_1)","decl":{"start":{"line":8,"column":19},"end":{"line":8,"column":20}},"loc":{"start":{"line":8,"column":39},"end":{"line":24,"column":1}},"line":8},"2":{"name":"(anonymous_2)","decl":{"start":{"line":26,"column":16},"end":{"line":26,"column":17}},"loc":{"start":{"line":26,"column":36},"end":{"line":39,"column":1}},"line":26},"3":{"name":"(anonymous_3)","decl":{"start":{"line":41,"column":18},"end":{"line":41,"column":19}},"loc":{"start":{"line":41,"column":38},"end":{"line":61,"column":1}},"line":41},"4":{"name":"(anonymous_4)","decl":{"start":{"line":64,"column":20},"end":{"line":64,"column":21}},"loc":{"start":{"line":64,"column":40},"end":{"line":83,"column":1}},"line":64},"5":{"name":"(anonymous_5)","decl":{"start":{"line":85,"column":18},"end":{"line":85,"column":19}},"loc":{"start":{"line":85,"column":38},"end":{"line":100,"column":1}},"line":85},"6":{"name":"(anonymous_6)","decl":{"start":{"line":102,"column":17},"end":{"line":102,"column":18}},"loc":{"start":{"line":102,"column":37},"end":{"line":118,"column":1}},"line":102}},"branchMap":{"0":{"loc":{"start":{"line":5,"column":16},"end":{"line":5,"column":36}},"type":"binary-expr","locations":[{"start":{"line":5,"column":16},"end":{"line":5,"column":30}},{"start":{"line":5,"column":34},"end":{"line":5,"column":36}}],"line":5},"1":{"loc":{"start":{"line":10,"column":19},"end":{"line":10,"column":48}},"type":"binary-expr","locations":[{"start":{"line":10,"column":19},"end":{"line":10,"column":31}},{"start":{"line":10,"column":35},"end":{"line":10,"column":48}}],"line":10},"2":{"loc":{"start":{"line":11,"column":4},"end":{"line":11,"column":74}},"type":"if","locations":[{"start":{"line":11,"column":4},"end":{"line":11,"column":74}},{"start":{},"end":{}}],"line":11},"3":{"loc":{"start":{"line":13,"column":34},"end":{"line":13,"column":54}},"type":"binary-expr","locations":[{"start":{"line":13,"column":34},"end":{"line":13,"column":49}},{"start":{"line":13,"column":53},"end":{"line":13,"column":54}}],"line":13},"4":{"loc":{"start":{"line":28,"column":19},"end":{"line":28,"column":48}},"type":"binary-expr","locations":[{"start":{"line":28,"column":19},"end":{"line":28,"column":31}},{"start":{"line":28,"column":35},"end":{"line":28,"column":48}}],"line":28},"5":{"loc":{"start":{"line":29,"column":4},"end":{"line":29,"column":74}},"type":"if","locations":[{"start":{"line":29,"column":4},"end":{"line":29,"column":74}},{"start":{},"end":{}}],"line":29},"6":{"loc":{"start":{"line":43,"column":19},"end":{"line":43,"column":48}},"type":"binary-expr","locations":[{"start":{"line":43,"column":19},"end":{"line":43,"column":31}},{"start":{"line":43,"column":35},"end":{"line":43,"column":48}}],"line":43},"7":{"loc":{"start":{"line":44,"column":4},"end":{"line":44,"column":74}},"type":"if","locations":[{"start":{"line":44,"column":4},"end":{"line":44,"column":74}},{"start":{},"end":{}}],"line":44},"8":{"loc":{"start":{"line":51,"column":4},"end":{"line":51,"column":78}},"type":"if","locations":[{"start":{"line":51,"column":4},"end":{"line":51,"column":78}},{"start":{},"end":{}}],"line":51},"9":{"loc":{"start":{"line":53,"column":4},"end":{"line":55,"column":5}},"type":"if","locations":[{"start":{"line":53,"column":4},"end":{"line":55,"column":5}},{"start":{},"end":{}}],"line":53},"10":{"loc":{"start":{"line":53,"column":8},"end":{"line":53,"column":67}},"type":"binary-expr","locations":[{"start":{"line":53,"column":8},"end":{"line":53,"column":21}},{"start":{"line":53,"column":25},"end":{"line":53,"column":67}}],"line":53},"11":{"loc":{"start":{"line":66,"column":26},"end":{"line":66,"column":48}},"type":"binary-expr","locations":[{"start":{"line":66,"column":26},"end":{"line":66,"column":42}},{"start":{"line":66,"column":46},"end":{"line":66,"column":48}}],"line":66},"12":{"loc":{"start":{"line":67,"column":21},"end":{"line":67,"column":38}},"type":"binary-expr","locations":[{"start":{"line":67,"column":21},"end":{"line":67,"column":32}},{"start":{"line":67,"column":36},"end":{"line":67,"column":38}}],"line":67},"13":{"loc":{"start":{"line":70,"column":4},"end":{"line":70,"column":85}},"type":"if","locations":[{"start":{"line":70,"column":4},"end":{"line":70,"column":85}},{"start":{},"end":{}}],"line":70},"14":{"loc":{"start":{"line":71,"column":4},"end":{"line":71,"column":58}},"type":"if","locations":[{"start":{"line":71,"column":4},"end":{"line":71,"column":58}},{"start":{},"end":{}}],"line":71},"15":{"loc":{"start":{"line":87,"column":20},"end":{"line":87,"column":49}},"type":"binary-expr","locations":[{"start":{"line":87,"column":20},"end":{"line":87,"column":32}},{"start":{"line":87,"column":36},"end":{"line":87,"column":49}}],"line":87},"16":{"loc":{"start":{"line":95,"column":4},"end":{"line":95,"column":78}},"type":"if","locations":[{"start":{"line":95,"column":4},"end":{"line":95,"column":78}},{"start":{},"end":{}}],"line":95},"17":{"loc":{"start":{"line":104,"column":20},"end":{"line":104,"column":49}},"type":"binary-expr","locations":[{"start":{"line":104,"column":20},"end":{"line":104,"column":32}},{"start":{"line":104,"column":36},"end":{"line":104,"column":49}}],"line":104},"18":{"loc":{"start":{"line":105,"column":30},"end":{"line":105,"column":56}},"type":"binary-expr","locations":[{"start":{"line":105,"column":30},"end":{"line":105,"column":50}},{"start":{"line":105,"column":54},"end":{"line":105,"column":56}}],"line":105},"19":{"loc":{"start":{"line":113,"column":4},"end":{"line":113,"column":78}},"type":"if","locations":[{"start":{"line":113,"column":4},"end":{"line":113,"column":78}},{"start":{},"end":{}}],"line":113}},"s":{"0":2,"1":3,"2":2,"3":4,"4":4,"5":4,"6":1,"7":3,"8":3,"9":2,"10":1,"11":2,"12":3,"13":3,"14":3,"15":1,"16":2,"17":1,"18":1,"19":2,"20":6,"21":6,"22":6,"23":1,"24":5,"25":4,"26":1,"27":3,"28":1,"29":2,"30":1,"31":2,"32":2,"33":2,"34":2,"35":2,"36":2,"37":1,"38":2,"39":1,"40":2,"41":1,"42":1,"43":2,"44":3,"45":3,"46":3,"47":2,"48":1,"49":1,"50":1,"51":2,"52":4,"53":4,"54":4,"55":4,"56":3,"57":1,"58":2,"59":1},"f":{"0":3,"1":4,"2":3,"3":6,"4":2,"5":3,"6":4},"b":{"0":[3,0],"1":[4,1],"2":[1,3],"3":[3,1],"4":[3,2],"5":[1,2],"6":[6,1],"7":[1,5],"8":[1,3],"9":[1,2],"10":[3,2],"11":[2,1],"12":[2,1],"13":[1,1],"14":[1,1],"15":[3,0],"16":[1,1],"17":[4,1],"18":[4,2],"19":[1,2]},"_coverageSchema":"1a1c01bbd47fc00a2c39e90264f33305004495a9","hash":"de152d5e862e8a2e9fcbb6f6cec36ddd519446bd"}
,"C:\\Users\\PC\\Desktop\\ALU\\Mission Capstone\\mufashe-mobile\\backend\\src\\controllers\\search.controller.js": {"path":"C:\\Users\\PC\\Desktop\\ALU\\Mission Capstone\\mufashe-mobile\\backend\\src\\controllers\\search.controller.js","statementMap":{"0":{"start":{"line":2,"column":35},"end":{"line":2,"column":83}},"1":{"start":{"line":3,"column":25},"end":{"line":3,"column":74}},"2":{"start":{"line":10,"column":0},"end":{"line":29,"column":2}},"3":{"start":{"line":11,"column":2},"end":{"line":28,"column":3}},"4":{"start":{"line":12,"column":27},"end":{"line":12,"column":37}},"5":{"start":{"line":14,"column":19},"end":{"line":14,"column":59}},"6":{"start":{"line":16,"column":4},"end":{"line":21,"column":7}},"7":{"start":{"line":23,"column":4},"end":{"line":27,"column":7}},"8":{"start":{"line":35,"column":0},"end":{"line":61,"column":2}},"9":{"start":{"line":36,"column":2},"end":{"line":60,"column":3}},"10":{"start":{"line":37,"column":47},"end":{"line":37,"column":61}},"11":{"start":{"line":39,"column":4},"end":{"line":41,"column":5}},"12":{"start":{"line":40,"column":6},"end":{"line":40,"column":85}},"13":{"start":{"line":43,"column":20},"end":{"line":46,"column":6}},"14":{"start":{"line":48,"column":4},"end":{"line":53,"column":7}},"15":{"start":{"line":55,"column":4},"end":{"line":59,"column":7}}},"fnMap":{"0":{"name":"(anonymous_0)","decl":{"start":{"line":10,"column":30},"end":{"line":10,"column":31}},"loc":{"start":{"line":10,"column":50},"end":{"line":29,"column":1}},"line":10},"1":{"name":"(anonymous_1)","decl":{"start":{"line":35,"column":25},"end":{"line":35,"column":26}},"loc":{"start":{"line":35,"column":45},"end":{"line":61,"column":1}},"line":35}},"branchMap":{"0":{"loc":{"start":{"line":37,"column":22},"end":{"line":37,"column":30}},"type":"default-arg","locations":[{"start":{"line":37,"column":29},"end":{"line":37,"column":30}}],"line":37},"1":{"loc":{"start":{"line":37,"column":47},"end":{"line":37,"column":61}},"type":"binary-expr","locations":[{"start":{"line":37,"column":47},"end":{"line":37,"column":55}},{"start":{"line":37,"column":59},"end":{"line":37,"column":61}}],"line":37},"2":{"loc":{"start":{"line":39,"column":4},"end":{"line":41,"column":5}},"type":"if","locations":[{"start":{"line":39,"column":4},"end":{"line":41,"column":5}},{"start":{},"end":{}}],"line":39},"3":{"loc":{"start":{"line":39,"column":8},"end":{"line":39,"column":55}},"type":"binary-expr","locations":[{"start":{"line":39,"column":8},"end":{"line":39,"column":17}},{"start":{"line":39,"column":21},"end":{"line":39,"column":55}}],"line":39},"4":{"loc":{"start":{"line":44,"column":13},"end":{"line":44,"column":30}},"type":"binary-expr","locations":[{"start":{"line":44,"column":13},"end":{"line":44,"column":25}},{"start":{"line":44,"column":29},"end":{"line":44,"column":30}}],"line":44},"5":{"loc":{"start":{"line":45,"column":18},"end":{"line":45,"column":36}},"type":"binary-expr","locations":[{"start":{"line":45,"column":18},"end":{"line":45,"column":28}},{"start":{"line":45,"column":32},"end":{"line":45,"column":36}}],"line":45},"6":{"loc":{"start":{"line":51,"column":12},"end":{"line":51,"column":29}},"type":"binary-expr","locations":[{"start":{"line":51,"column":12},"end":{"line":51,"column":24}},{"start":{"line":51,"column":28},"end":{"line":51,"column":29}}],"line":51}},"s":{"0":2,"1":2,"2":2,"3":2,"4":2,"5":2,"6":1,"7":1,"8":2,"9":4,"10":4,"11":4,"12":1,"13":3,"14":2,"15":1},"f":{"0":2,"1":4},"b":{"0":[3],"1":[4,0],"2":[1,3],"3":[4,4],"4":[3,0],"5":[3,2],"6":[2,0]},"_coverageSchema":"1a1c01bbd47fc00a2c39e90264f33305004495a9","hash":"693777cad9d9131435a0fb16f873bab841641e8c"}
,"C:\\Users\\PC\\Desktop\\ALU\\Mission Capstone\\mufashe-mobile\\backend\\src\\controllers\\users.controller.js": {"path":"C:\\Users\\PC\\Desktop\\ALU\\Mission Capstone\\mufashe-mobile\\backend\\src\\controllers\\users.controller.js","statementMap":{"0":{"start":{"line":2,"column":13},"end":{"line":2,"column":38}},"1":{"start":{"line":4,"column":23},"end":{"line":4,"column":38}},"2":{"start":{"line":6,"column":0},"end":{"line":44,"column":2}},"3":{"start":{"line":7,"column":2},"end":{"line":43,"column":3}},"4":{"start":{"line":8,"column":46},"end":{"line":8,"column":55}},"5":{"start":{"line":10,"column":19},"end":{"line":10,"column":21}},"6":{"start":{"line":11,"column":4},"end":{"line":11,"column":33}},"7":{"start":{"line":11,"column":14},"end":{"line":11,"column":33}},"8":{"start":{"line":13,"column":4},"end":{"line":20,"column":5}},"9":{"start":{"line":14,"column":20},"end":{"line":14,"column":36}},"10":{"start":{"line":15,"column":6},"end":{"line":19,"column":8}},"11":{"start":{"line":22,"column":20},"end":{"line":22,"column":56}},"12":{"start":{"line":23,"column":21},"end":{"line":23,"column":74}},"13":{"start":{"line":25,"column":27},"end":{"line":32,"column":6}},"14":{"start":{"line":34,"column":4},"end":{"line":40,"column":7}},"15":{"start":{"line":42,"column":4},"end":{"line":42,"column":81}},"16":{"start":{"line":46,"column":0},"end":{"line":54,"column":2}},"17":{"start":{"line":47,"column":2},"end":{"line":53,"column":3}},"18":{"start":{"line":48,"column":17},"end":{"line":48,"column":74}},"19":{"start":{"line":49,"column":4},"end":{"line":49,"column":74}},"20":{"start":{"line":49,"column":15},"end":{"line":49,"column":74}},"21":{"start":{"line":50,"column":4},"end":{"line":50,"column":26}},"22":{"start":{"line":52,"column":4},"end":{"line":52,"column":84}},"23":{"start":{"line":56,"column":0},"end":{"line":76,"column":2}},"24":{"start":{"line":57,"column":2},"end":{"line":75,"column":3}},"25":{"start":{"line":58,"column":35},"end":{"line":58,"column":43}},"26":{"start":{"line":60,"column":19},"end":{"line":60,"column":21}},"27":{"start":{"line":61,"column":4},"end":{"line":61,"column":62}},"28":{"start":{"line":61,"column":28},"end":{"line":61,"column":62}},"29":{"start":{"line":62,"column":4},"end":{"line":62,"column":99}},"30":{"start":{"line":62,"column":29},"end":{"line":62,"column":99}},"31":{"start":{"line":63,"column":4},"end":{"line":63,"column":85}},"32":{"start":{"line":63,"column":29},"end":{"line":63,"column":85}},"33":{"start":{"line":65,"column":17},"end":{"line":68,"column":29}},"34":{"start":{"line":70,"column":4},"end":{"line":70,"column":74}},"35":{"start":{"line":70,"column":15},"end":{"line":70,"column":74}},"36":{"start":{"line":71,"column":4},"end":{"line":71,"column":26}},"37":{"start":{"line":73,"column":4},"end":{"line":73,"column":104}},"38":{"start":{"line":73,"column":29},"end":{"line":73,"column":104}},"39":{"start":{"line":74,"column":4},"end":{"line":74,"column":84}},"40":{"start":{"line":78,"column":0},"end":{"line":97,"column":2}},"41":{"start":{"line":79,"column":2},"end":{"line":96,"column":3}},"42":{"start":{"line":80,"column":21},"end":{"line":80,"column":29}},"43":{"start":{"line":82,"column":4},"end":{"line":84,"column":5}},"44":{"start":{"line":83,"column":6},"end":{"line":83,"column":81}},"45":{"start":{"line":86,"column":17},"end":{"line":90,"column":28}},"46":{"start":{"line":92,"column":4},"end":{"line":92,"column":74}},"47":{"start":{"line":92,"column":15},"end":{"line":92,"column":74}},"48":{"start":{"line":93,"column":4},"end":{"line":93,"column":26}},"49":{"start":{"line":95,"column":4},"end":{"line":95,"column":84}},"50":{"start":{"line":99,"column":0},"end":{"line":107,"column":2}},"51":{"start":{"line":100,"column":2},"end":{"line":106,"column":3}},"52":{"start":{"line":101,"column":20},"end":{"line":101,"column":86}},"53":{"start":{"line":102,"column":4},"end":{"line":102,"column":77}},"54":{"start":{"line":102,"column":18},"end":{"line":102,"column":77}},"55":{"start":{"line":103,"column":4},"end":{"line":103,"column":74}},"56":{"start":{"line":105,"column":4},"end":{"line":105,"column":84}}},"fnMap":{"0":{"name":"(anonymous_0)","decl":{"start":{"line":6,"column":20},"end":{"line":6,"column":21}},"loc":{"start":{"line":6,"column":40},"end":{"line":44,"column":1}},"line":6},"1":{"name":"(anonymous_1)","decl":{"start":{"line":46,"column":18},"end":{"line":46,"column":19}},"loc":{"start":{"line":46,"column":38},"end":{"line":54,"column":1}},"line":46},"2":{"name":"(anonymous_2)","decl":{"start":{"line":56,"column":21},"end":{"line":56,"column":22}},"loc":{"start":{"line":56,"column":41},"end":{"line":76,"column":1}},"line":56},"3":{"name":"(anonymous_3)","decl":{"start":{"line":78,"column":25},"end":{"line":78,"column":26}},"loc":{"start":{"line":78,"column":45},"end":{"line":97,"column":1}},"line":78},"4":{"name":"(anonymous_4)","decl":{"start":{"line":99,"column":21},"end":{"line":99,"column":22}},"loc":{"start":{"line":99,"column":41},"end":{"line":107,"column":1}},"line":99}},"branchMap":{"0":{"loc":{"start":{"line":8,"column":21},"end":{"line":8,"column":29}},"type":"default-arg","locations":[{"start":{"line":8,"column":28},"end":{"line":8,"column":29}}],"line":8},"1":{"loc":{"start":{"line":8,"column":31},"end":{"line":8,"column":41}},"type":"default-arg","locations":[{"start":{"line":8,"column":39},"end":{"line":8,"column":41}}],"line":8},"2":{"loc":{"start":{"line":11,"column":4},"end":{"line":11,"column":33}},"type":"if","locations":[{"start":{"line":11,"column":4},"end":{"line":11,"column":33}},{"start":{},"end":{}}],"line":11},"3":{"loc":{"start":{"line":13,"column":4},"end":{"line":20,"column":5}},"type":"if","locations":[{"start":{"line":13,"column":4},"end":{"line":20,"column":5}},{"start":{},"end":{}}],"line":13},"4":{"loc":{"start":{"line":22,"column":29},"end":{"line":22,"column":52}},"type":"binary-expr","locations":[{"start":{"line":22,"column":29},"end":{"line":22,"column":47}},{"start":{"line":22,"column":51},"end":{"line":22,"column":52}}],"line":22},"5":{"loc":{"start":{"line":23,"column":39},"end":{"line":23,"column":64}},"type":"binary-expr","locations":[{"start":{"line":23,"column":39},"end":{"line":23,"column":58}},{"start":{"line":23,"column":62},"end":{"line":23,"column":64}}],"line":23},"6":{"loc":{"start":{"line":49,"column":4},"end":{"line":49,"column":74}},"type":"if","locations":[{"start":{"line":49,"column":4},"end":{"line":49,"column":74}},{"start":{},"end":{}}],"line":49},"7":{"loc":{"start":{"line":61,"column":4},"end":{"line":61,"column":62}},"type":"if","locations":[{"start":{"line":61,"column":4},"end":{"line":61,"column":62}},{"start":{},"end":{}}],"line":61},"8":{"loc":{"start":{"line":62,"column":4},"end":{"line":62,"column":99}},"type":"if","locations":[{"start":{"line":62,"column":4},"end":{"line":62,"column":99}},{"start":{},"end":{}}],"line":62},"9":{"loc":{"start":{"line":62,"column":44},"end":{"line":62,"column":98}},"type":"cond-expr","locations":[{"start":{"line":62,"column":52},"end":{"line":62,"column":86}},{"start":{"line":62,"column":89},"end":{"line":62,"column":98}}],"line":62},"10":{"loc":{"start":{"line":63,"column":4},"end":{"line":63,"column":85}},"type":"if","locations":[{"start":{"line":63,"column":4},"end":{"line":63,"column":85}},{"start":{},"end":{}}],"line":63},"11":{"loc":{"start":{"line":63,"column":44},"end":{"line":63,"column":84}},"type":"cond-expr","locations":[{"start":{"line":63,"column":52},"end":{"line":63,"column":72}},{"start":{"line":63,"column":75},"end":{"line":63,"column":84}}],"line":63},"12":{"loc":{"start":{"line":70,"column":4},"end":{"line":70,"column":74}},"type":"if","locations":[{"start":{"line":70,"column":4},"end":{"line":70,"column":74}},{"start":{},"end":{}}],"line":70},"13":{"loc":{"start":{"line":73,"column":4},"end":{"line":73,"column":104}},"type":"if","locations":[{"start":{"line":73,"column":4},"end":{"line":73,"column":104}},{"start":{},"end":{}}],"line":73},"14":{"loc":{"start":{"line":82,"column":4},"end":{"line":84,"column":5}},"type":"if","locations":[{"start":{"line":82,"column":4},"end":{"line":84,"column":5}},{"start":{},"end":{}}],"line":82},"15":{"loc":{"start":{"line":82,"column":8},"end":{"line":82,"column":50}},"type":"binary-expr","locations":[{"start":{"line":82,"column":8},"end":{"line":82,"column":13}},{"start":{"line":82,"column":17},"end":{"line":82,"column":50}}],"line":82},"16":{"loc":{"start":{"line":92,"column":4},"end":{"line":92,"column":74}},"type":"if","locations":[{"start":{"line":92,"column":4},"end":{"line":92,"column":74}},{"start":{},"end":{}}],"line":92},"17":{"loc":{"start":{"line":102,"column":4},"end":{"line":102,"column":77}},"type":"if","locations":[{"start":{"line":102,"column":4},"end":{"line":102,"column":77}},{"start":{},"end":{}}],"line":102}},"s":{"0":2,"1":2,"2":2,"3":3,"4":3,"5":3,"6":3,"7":1,"8":3,"9":1,"10":1,"11":3,"12":3,"13":3,"14":2,"15":1,"16":2,"17":3,"18":3,"19":2,"20":1,"21":1,"22":1,"23":2,"24":4,"25":4,"26":4,"27":4,"28":2,"29":4,"30":3,"31":4,"32":1,"33":4,"34":2,"35":1,"36":1,"37":2,"38":1,"39":1,"40":2,"41":4,"42":4,"43":4,"44":1,"45":3,"46":2,"47":1,"48":1,"49":1,"50":2,"51":3,"52":3,"53":2,"54":1,"55":1,"56":1},"f":{"0":3,"1":3,"2":4,"3":4,"4":3},"b":{"0":[1],"1":[1],"2":[1,2],"3":[1,2],"4":[3,1],"5":[3,0],"6":[1,1],"7":[2,2],"8":[3,1],"9":[3,0],"10":[1,3],"11":[1,0],"12":[1,1],"13":[1,1],"14":[1,3],"15":[4,4],"16":[1,1],"17":[1,1]},"_coverageSchema":"1a1c01bbd47fc00a2c39e90264f33305004495a9","hash":"762d50b7495343fbeaef658b1909aa554caff5bc"}
,"C:\\Users\\PC\\Desktop\\ALU\\Mission Capstone\\mufashe-mobile\\backend\\src\\middleware\\auth.js": {"path":"C:\\Users\\PC\\Desktop\\ALU\\Mission Capstone\\mufashe-mobile\\backend\\src\\middleware\\auth.js","statementMap":{"0":{"start":{"line":2,"column":12},"end":{"line":2,"column":35}},"1":{"start":{"line":4,"column":0},"end":{"line":33,"column":2}},"2":{"start":{"line":5,"column":17},"end":{"line":5,"column":48}},"3":{"start":{"line":8,"column":2},"end":{"line":10,"column":3}},"4":{"start":{"line":9,"column":4},"end":{"line":9,"column":66}},"5":{"start":{"line":12,"column":16},"end":{"line":12,"column":38}},"6":{"start":{"line":13,"column":2},"end":{"line":15,"column":3}},"7":{"start":{"line":14,"column":4},"end":{"line":14,"column":66}},"8":{"start":{"line":17,"column":2},"end":{"line":32,"column":3}},"9":{"start":{"line":18,"column":20},"end":{"line":18,"column":61}},"10":{"start":{"line":21,"column":4},"end":{"line":21,"column":23}},"11":{"start":{"line":23,"column":4},"end":{"line":23,"column":18}},"12":{"start":{"line":27,"column":6},"end":{"line":29,"column":25}},"13":{"start":{"line":31,"column":4},"end":{"line":31,"column":50}}},"fnMap":{"0":{"name":"auth","decl":{"start":{"line":4,"column":26},"end":{"line":4,"column":30}},"loc":{"start":{"line":4,"column":47},"end":{"line":33,"column":1}},"line":4}},"branchMap":{"0":{"loc":{"start":{"line":5,"column":17},"end":{"line":5,"column":48}},"type":"binary-expr","locations":[{"start":{"line":5,"column":17},"end":{"line":5,"column":42}},{"start":{"line":5,"column":46},"end":{"line":5,"column":48}}],"line":5},"1":{"loc":{"start":{"line":8,"column":2},"end":{"line":10,"column":3}},"type":"if","locations":[{"start":{"line":8,"column":2},"end":{"line":10,"column":3}},{"start":{},"end":{}}],"line":8},"2":{"loc":{"start":{"line":13,"column":2},"end":{"line":15,"column":3}},"type":"if","locations":[{"start":{"line":13,"column":2},"end":{"line":15,"column":3}},{"start":{},"end":{}}],"line":13},"3":{"loc":{"start":{"line":27,"column":6},"end":{"line":29,"column":25}},"type":"cond-expr","locations":[{"start":{"line":28,"column":10},"end":{"line":28,"column":25}},{"start":{"line":29,"column":10},"end":{"line":29,"column":25}}],"line":27}},"s":{"0":2,"1":2,"2":6,"3":6,"4":2,"5":4,"6":4,"7":1,"8":3,"9":3,"10":1,"11":1,"12":2,"13":2},"f":{"0":6},"b":{"0":[6,1],"1":[2,4],"2":[1,3],"3":[1,1]},"_coverageSchema":"1a1c01bbd47fc00a2c39e90264f33305004495a9","hash":"17745cb47b2f538a36a014e9add227ccbdd4ae2e"}
,"C:\\Users\\PC\\Desktop\\ALU\\Mission Capstone\\mufashe-mobile\\backend\\src\\middleware\\requireAdmin.js": {"path":"C:\\Users\\PC\\Desktop\\ALU\\Mission Capstone\\mufashe-mobile\\backend\\src\\middleware\\requireAdmin.js","statementMap":{"0":{"start":{"line":3,"column":0},"end":{"line":25,"column":2}},"1":{"start":{"line":4,"column":2},"end":{"line":24,"column":3}},"2":{"start":{"line":6,"column":4},"end":{"line":10,"column":5}},"3":{"start":{"line":7,"column":6},"end":{"line":9,"column":9}},"4":{"start":{"line":13,"column":4},"end":{"line":17,"column":5}},"5":{"start":{"line":14,"column":6},"end":{"line":16,"column":9}},"6":{"start":{"line":19,"column":4},"end":{"line":19,"column":18}},"7":{"start":{"line":21,"column":4},"end":{"line":23,"column":7}}},"fnMap":{"0":{"name":"requireAdmin","decl":{"start":{"line":3,"column":26},"end":{"line":3,"column":38}},"loc":{"start":{"line":3,"column":55},"end":{"line":25,"column":1}},"line":3}},"branchMap":{"0":{"loc":{"start":{"line":6,"column":4},"end":{"line":10,"column":5}},"type":"if","locations":[{"start":{"line":6,"column":4},"end":{"line":10,"column":5}},{"start":{},"end":{}}],"line":6},"1":{"loc":{"start":{"line":13,"column":4},"end":{"line":17,"column":5}},"type":"if","locations":[{"start":{"line":13,"column":4},"end":{"line":17,"column":5}},{"start":{},"end":{}}],"line":13}},"s":{"0":2,"1":4,"2":4,"3":1,"4":2,"5":1,"6":1,"7":1},"f":{"0":4},"b":{"0":[1,2],"1":[1,1]},"_coverageSchema":"1a1c01bbd47fc00a2c39e90264f33305004495a9","hash":"f09a8441a86a39f4daf79f9b8a689bd41f95a156"}
,"C:\\Users\\PC\\Desktop\\ALU\\Mission Capstone\\mufashe-mobile\\backend\\src\\middleware\\requireRole.js": {"path":"C:\\Users\\PC\\Desktop\\ALU\\Mission Capstone\\mufashe-mobile\\backend\\src\\middleware\\requireRole.js","statementMap":{"0":{"start":{"line":2,"column":0},"end":{"line":13,"column":2}},"1":{"start":{"line":2,"column":31},"end":{"line":13,"column":1}},"2":{"start":{"line":3,"column":2},"end":{"line":3,"column":85}},"3":{"start":{"line":3,"column":17},"end":{"line":3,"column":85}},"4":{"start":{"line":5,"column":19},"end":{"line":5,"column":60}},"5":{"start":{"line":6,"column":18},"end":{"line":6,"column":59}},"6":{"start":{"line":6,"column":35},"end":{"line":6,"column":58}},"7":{"start":{"line":8,"column":2},"end":{"line":10,"column":3}},"8":{"start":{"line":9,"column":4},"end":{"line":9,"column":62}},"9":{"start":{"line":12,"column":2},"end":{"line":12,"column":9}}},"fnMap":{"0":{"name":"(anonymous_0)","decl":{"start":{"line":2,"column":17},"end":{"line":2,"column":18}},"loc":{"start":{"line":2,"column":31},"end":{"line":13,"column":1}},"line":2},"1":{"name":"(anonymous_1)","decl":{"start":{"line":2,"column":31},"end":{"line":2,"column":32}},"loc":{"start":{"line":2,"column":51},"end":{"line":13,"column":1}},"line":2},"2":{"name":"(anonymous_2)","decl":{"start":{"line":6,"column":28},"end":{"line":6,"column":29}},"loc":{"start":{"line":6,"column":35},"end":{"line":6,"column":58}},"line":6}},"branchMap":{"0":{"loc":{"start":{"line":3,"column":2},"end":{"line":3,"column":85}},"type":"if","locations":[{"start":{"line":3,"column":2},"end":{"line":3,"column":85}},{"start":{},"end":{}}],"line":3},"1":{"loc":{"start":{"line":5,"column":26},"end":{"line":5,"column":45}},"type":"binary-expr","locations":[{"start":{"line":5,"column":26},"end":{"line":5,"column":39}},{"start":{"line":5,"column":43},"end":{"line":5,"column":45}}],"line":5},"2":{"loc":{"start":{"line":8,"column":2},"end":{"line":10,"column":3}},"type":"if","locations":[{"start":{"line":8,"column":2},"end":{"line":10,"column":3}},{"start":{},"end":{}}],"line":8}},"s":{"0":2,"1":10,"2":6,"3":1,"4":5,"5":5,"6":7,"7":5,"8":2,"9":3},"f":{"0":10,"1":6,"2":7},"b":{"0":[1,5],"1":[5,1],"2":[2,3]},"_coverageSchema":"1a1c01bbd47fc00a2c39e90264f33305004495a9","hash":"be3ed396ec39229210e1eef0b96b4ff93f1d0c0a"}
[...]
,"C:\\Users\\PC\\Desktop\\ALU\\Mission Capstone\\mufashe-mobile\\backend\\src\\services\\qa.service.js": {"path":"C:\\Users\\PC\\Desktop\\ALU\\Mission Capstone\\mufashe-mobile\\backend\\src\\services\\qa.service.js","statementMap":{"0":{"start":{"line":1,"column":14},"end":{"line":1,"column":30}},"1":{"start":{"line":2,"column":17},"end":{"line":2,"column":36}},"2":{"start":{"line":4,"column":17},"end":{"line":4,"column":46}},"3":{"start":{"line":5,"column":22},"end":{"line":5,"column":56}},"4":{"start":{"line":6,"column":28},"end":{"line":6,"column":58}},"5":{"start":{"line":8,"column":19},"end":{"line":8,"column":69}},"6":{"start":{"line":9,"column":26},"end":{"line":9,"column":70}},"7":{"start":{"line":11,"column":21},"end":{"line":11,"column":69}},"8":{"start":{"line":12,"column":20},"end":{"line":12,"column":64}},"9":{"start":{"line":15,"column":2},"end":{"line":15,"column":56}},"10":{"start":{"line":19,"column":16},"end":{"line":19,"column":62}},"11":{"start":{"line":20,"column":2},"end":{"line":20,"column":40}},"12":{"start":{"line":20,"column":27},"end":{"line":20,"column":40}},"13":{"start":{"line":21,"column":2},"end":{"line":21,"column":37}},"14":{"start":{"line":25,"column":15},"end":{"line":25,"column":24}},"15":{"start":{"line":26,"column":17},"end":{"line":26,"column":19}},"16":{"start":{"line":28,"column":2},"end":{"line":34,"column":3}},"17":{"start":{"line":29,"column":16},"end":{"line":29,"column":81}},"18":{"start":{"line":30,"column":4},"end":{"line":33,"column":5}},"19":{"start":{"line":31,"column":6},"end":{"line":31,"column":20}},"20":{"start":{"line":32,"column":6},"end":{"line":32,"column":25}},"21":{"start":{"line":36,"column":2},"end":{"line":36,"column":16}},"22":{"start":{"line":40,"column":2},"end":{"line":53,"column":16}},"23":{"start":{"line":42,"column":18},"end":{"line":42,"column":50}},"24":{"start":{"line":43,"column":20},"end":{"line":43,"column":44}},"25":{"start":{"line":45,"column":8},"end":{"line":49,"column":17}},"26":{"start":{"line":51,"column":6},"end":{"line":51,"column":89}},"27":{"start":{"line":57,"column":15},"end":{"line":71,"column":3}},"28":{"start":{"line":73,"column":2},"end":{"line":73,"column":51}},"29":{"start":{"line":77,"column":21},"end":{"line":77,"column":40}},"30":{"start":{"line":79,"column":14},"end":{"line":79,"column":41}},"31":{"start":{"line":80,"column":2},"end":{"line":80,"column":37}},"32":{"start":{"line":80,"column":11},"end":{"line":80,"column":37}},"33":{"start":{"line":82,"column":2},"end":{"line":84,"column":3}},"34":{"start":{"line":83,"column":4},"end":{"line":83,"column":61}},"35":{"start":{"line":86,"column":15},"end":{"line":86,"column":83}},"36":{"start":{"line":88,"column":2},"end":{"line":90,"column":3}},"37":{"start":{"line":89,"column":4},"end":{"line":89,"column":36}},"38":{"start":{"line":92,"column":24},"end":{"line":92,"column":46}},"39":{"start":{"line":92,"column":40},"end":{"line":92,"column":45}},"40":{"start":{"line":93,"column":22},"end":{"line":93,"column":74}},"41":{"start":{"line":95,"column":16},"end":{"line":95,"column":59}},"42":{"start":{"line":97,"column":17},"end":{"line":119,"column":4}},"43":{"start":{"line":121,"column":2},"end":{"line":121,"column":26}},"44":{"start":{"line":125,"column":2},"end":{"line":170,"column":9}},"45":{"start":{"line":174,"column":12},"end":{"line":174,"column":41}},"46":{"start":{"line":176,"column":2},"end":{"line":178,"column":3}},"47":{"start":{"line":177,"column":4},"end":{"line":177,"column":44}},"48":{"start":{"line":180,"column":27},"end":{"line":186,"column":4}},"49":{"start":{"line":188,"column":2},"end":{"line":194,"column":3}},"50":{"start":{"line":189,"column":4},"end":{"line":193,"column":6}},"51":{"start":{"line":196,"column":23},"end":{"line":196,"column":55}},"52":{"start":{"line":197,"column":17},"end":{"line":197,"column":61}},"53":{"start":{"line":197,"column":41},"end":{"line":197,"column":59}},"54":{"start":{"line":198,"column":22},"end":{"line":198,"column":56}},"55":{"start":{"line":200,"column":17},"end":{"line":200,"column":44}},"56":{"start":{"line":201,"column":17},"end":{"line":201,"column":45}},"57":{"start":{"line":203,"column":18},"end":{"line":211,"column":5}},"58":{"start":{"line":203,"column":46},"end":{"line":211,"column":3}},"59":{"start":{"line":213,"column":2},"end":{"line":218,"column":4}},"60":{"start":{"line":221,"column":0},"end":{"line":221,"column":36}}},"fnMap":{"0":{"name":"normalizeCategory","decl":{"start":{"line":14,"column":9},"end":{"line":14,"column":26}},"loc":{"start":{"line":14,"column":30},"end":{"line":16,"column":1}},"line":14},"1":{"name":"shortText","decl":{"start":{"line":18,"column":9},"end":{"line":18,"column":18}},"loc":{"start":{"line":18,"column":36},"end":{"line":22,"column":1}},"line":18},"2":{"name":"dedupeChunks","decl":{"start":{"line":24,"column":9},"end":{"line":24,"column":21}},"loc":{"start":{"line":24,"column":30},"end":{"line":37,"column":1}},"line":24},"3":{"name":"buildContext","decl":{"start":{"line":39,"column":9},"end":{"line":39,"column":21}},"loc":{"start":{"line":39,"column":38},"end":{"line":54,"column":1}},"line":39},"4":{"name":"(anonymous_4)","decl":{"start":{"line":41,"column":9},"end":{"line":41,"column":10}},"loc":{"start":{"line":41,"column":19},"end":{"line":52,"column":5}},"line":41},"5":{"name":"ollamaGenerate","decl":{"start":{"line":56,"column":15},"end":{"line":56,"column":29}},"loc":{"start":{"line":56,"column":38},"end":{"line":74,"column":1}},"line":56},"6":{"name":"retrieveChunksSecure","decl":{"start":{"line":76,"column":15},"end":{"line":76,"column":35}},"loc":{"start":{"line":76,"column":86},"end":{"line":122,"column":1}},"line":76},"7":{"name":"(anonymous_7)","decl":{"start":{"line":92,"column":33},"end":{"line":92,"column":34}},"loc":{"start":{"line":92,"column":40},"end":{"line":92,"column":45}},"line":92},"8":{"name":"buildPrompt","decl":{"start":{"line":124,"column":9},"end":{"line":124,"column":20}},"loc":{"start":{"line":124,"column":44},"end":{"line":171,"column":1}},"line":124},"9":{"name":"answerQuestion","decl":{"start":{"line":173,"column":15},"end":{"line":173,"column":29}},"loc":{"start":{"line":173,"column":84},"end":{"line":219,"column":1}},"line":173},"10":{"name":"(anonymous_10)","decl":{"start":{"line":197,"column":34},"end":{"line":197,"column":35}},"loc":{"start":{"line":197,"column":41},"end":{"line":197,"column":59}},"line":197},"11":{"name":"(anonymous_11)","decl":{"start":{"line":203,"column":35},"end":{"line":203,"column":36}},"loc":{"start":{"line":203,"column":46},"end":{"line":211,"column":3}},"line":203}},"branchMap":{"0":{"loc":{"start":{"line":8,"column":19},"end":{"line":8,"column":69}},"type":"binary-expr","locations":[{"start":{"line":8,"column":19},"end":{"line":8,"column":41}},{"start":{"line":8,"column":45},"end":{"line":8,"column":69}}],"line":8},"1":{"loc":{"start":{"line":9,"column":26},"end":{"line":9,"column":70}},"type":"binary-expr","locations":[{"start":{"line":9,"column":26},"end":{"line":9,"column":55}},{"start":{"line":9,"column":59},"end":{"line":9,"column":70}}],"line":9},"2":{"loc":{"start":{"line":11,"column":21},"end":{"line":11,"column":69}},"type":"binary-expr","locations":[{"start":{"line":11,"column":21},"end":{"line":11,"column":51}},{"start":{"line":11,"column":55},"end":{"line":11,"column":69}}],"line":11},"3":{"loc":{"start":{"line":12,"column":20},"end":{"line":12,"column":64}},"type":"binary-expr","locations":[{"start":{"line":12,"column":20},"end":{"line":12,"column":49}},{"start":{"line":12,"column":53},"end":{"line":12,"column":64}}],"line":12},"4":{"loc":{"start":{"line":15,"column":9},"end":{"line":15,"column":55}},"type":"cond-expr","locations":[{"start":{"line":15,"column":13},"end":{"line":15,"column":43}},{"start":{"line":15,"column":46},"end":{"line":15,"column":55}}],"line":15},"5":{"loc":{"start":{"line":18,"column":25},"end":{"line":18,"column":34}},"type":"default-arg","locations":[{"start":{"line":18,"column":31},"end":{"line":18,"column":34}}],"line":18},"6":{"loc":{"start":{"line":19,"column":23},"end":{"line":19,"column":33}},"type":"binary-expr","locations":[{"start":{"line":19,"column":23},"end":{"line":19,"column":27}},{"start":{"line":19,"column":31},"end":{"line":19,"column":33}}],"line":19},"7":{"loc":{"start":{"line":20,"column":2},"end":{"line":20,"column":40}},"type":"if","locations":[{"start":{"line":20,"column":2},"end":{"line":20,"column":40}},{"start":{},"end":{}}],"line":20},"8":{"loc":{"start":{"line":30,"column":4},"end":{"line":33,"column":5}},"type":"if","locations":[{"start":{"line":30,"column":4},"end":{"line":33,"column":5}},{"start":{},"end":{}}],"line":30},"9":{"loc":{"start":{"line":43,"column":20},"end":{"line":43,"column":44}},"type":"binary-expr","locations":[{"start":{"line":43,"column":20},"end":{"line":43,"column":30}},{"start":{"line":43,"column":34},"end":{"line":43,"column":44}}],"line":43},"10":{"loc":{"start":{"line":45,"column":8},"end":{"line":49,"column":17}},"type":"cond-expr","locations":[{"start":{"line":46,"column":12},"end":{"line":46,"column":43}},{"start":{"line":47,"column":12},"end":{"line":49,"column":17}}],"line":45},"11":{"loc":{"start":{"line":45,"column":8},"end":{"line":45,"column":48}},"type":"binary-expr","locations":[{"start":{"line":45,"column":8},"end":{"line":45,"column":27}},{"start":{"line":45,"column":31},"end":{"line":45,"column":48}}],"line":45},"12":{"loc":{"start":{"line":47,"column":12},"end":{"line":49,"column":17}},"type":"cond-expr","locations":[{"start":{"line":48,"column":12},"end":{"line":48,"column":30}},{"start":{"line":49,"column":12},"end":{"line":49,"column":17}}],"line":47},"13":{"loc":{"start":{"line":73,"column":16},"end":{"line":73,"column":42}},"type":"binary-expr","locations":[{"start":{"line":73,"column":16},"end":{"line":73,"column":36}},{"start":{"line":73,"column":40},"end":{"line":73,"column":42}}],"line":73},"14":{"loc":{"start":{"line":80,"column":2},"end":{"line":80,"column":37}},"type":"if","locations":[{"start":{"line":80,"column":2},"end":{"line":80,"column":37}},{"start":{},"end":{}}],"line":80},"15":{"loc":{"start":{"line":82,"column":2},"end":{"line":84,"column":3}},"type":"if","locations":[{"start":{"line":82,"column":2},"end":{"line":84,"column":3}},{"start":{},"end":{}}],"line":82},"16":{"loc":{"start":{"line":82,"column":6},"end":{"line":82,"column":63}},"type":"binary-expr","locations":[{"start":{"line":82,"column":6},"end":{"line":82,"column":16}},{"start":{"line":82,"column":20},"end":{"line":82,"column":63}}],"line":82},"17":{"loc":{"start":{"line":88,"column":2},"end":{"line":90,"column":3}},"type":"if","locations":[{"start":{"line":88,"column":2},"end":{"line":90,"column":3}},{"start":{},"end":{}}],"line":88},"18":{"loc":{"start":{"line":93,"column":51},"end":{"line":93,"column":65}},"type":"binary-expr","locations":[{"start":{"line":93,"column":51},"end":{"line":93,"column":59}},{"start":{"line":93,"column":63},"end":{"line":93,"column":65}}],"line":93},"19":{"loc":{"start":{"line":95,"column":34},"end":{"line":95,"column":51}},"type":"binary-expr","locations":[{"start":{"line":95,"column":34},"end":{"line":95,"column":46}},{"start":{"line":95,"column":50},"end":{"line":95,"column":51}}],"line":95},"20":{"loc":{"start":{"line":173,"column":50},"end":{"line":173,"column":58}},"type":"default-arg","locations":[{"start":{"line":173,"column":57},"end":{"line":173,"column":58}}],"line":173},"21":{"loc":{"start":{"line":174,"column":19},"end":{"line":174,"column":33}},"type":"binary-expr","locations":[{"start":{"line":174,"column":19},"end":{"line":174,"column":27}},{"start":{"line":174,"column":31},"end":{"line":174,"column":33}}],"line":174},"22":{"loc":{"start":{"line":176,"column":2},"end":{"line":178,"column":3}},"type":"if","locations":[{"start":{"line":176,"column":2},"end":{"line":178,"column":3}},{"start":{},"end":{}}],"line":176},"23":{"loc":{"start":{"line":188,"column":2},"end":{"line":194,"column":3}},"type":"if","locations":[{"start":{"line":188,"column":2},"end":{"line":194,"column":3}},{"start":{},"end":{}}],"line":188},"24":{"loc":{"start":{"line":206,"column":11},"end":{"line":206,"column":64}},"type":"binary-expr","locations":[{"start":{"line":206,"column":11},"end":{"line":206,"column":50}},{"start":{"line":206,"column":54},"end":{"line":206,"column":64}}],"line":206},"25":{"loc":{"start":{"line":207,"column":15},"end":{"line":207,"column":34}},"type":"binary-expr","locations":[{"start":{"line":207,"column":15},"end":{"line":207,"column":26}},{"start":{"line":207,"column":30},"end":{"line":207,"column":34}}],"line":207},"26":{"loc":{"start":{"line":208,"column":13},"end":{"line":208,"column":30}},"type":"binary-expr","locations":[{"start":{"line":208,"column":13},"end":{"line":208,"column":22}},{"start":{"line":208,"column":26},"end":{"line":208,"column":30}}],"line":208},"27":{"loc":{"start":{"line":209,"column":11},"end":{"line":209,"column":26}},"type":"binary-expr","locations":[{"start":{"line":209,"column":11},"end":{"line":209,"column":18}},{"start":{"line":209,"column":22},"end":{"line":209,"column":26}}],"line":209},"28":{"loc":{"start":{"line":215,"column":6},"end":{"line":216,"column":544}},"type":"binary-expr","locations":[{"start":{"line":215,"column":6},"end":{"line":215,"column":12}},{"start":{"line":216,"column":6},"end":{"line":216,"column":544}}],"line":215}},"s":{"0":2,"1":2,"2":2,"3":2,"4":2,"5":2,"6":2,"7":2,"8":2,"9":4,"10":6,"11":6,"12":6,"13":0,"14":2,"15":2,"16":2,"17":2,"18":2,"19":2,"20":2,"21":2,"22":2,"23":2,"24":2,"25":2,"26":2,"27":2,"28":2,"29":4,"30":4,"31":4,"32":0,"33":4,"34":0,"35":4,"36":4,"37":1,"38":3,"39":3,"40":3,"41":3,"42":3,"43":3,"44":2,"45":5,"46":5,"47":1,"48":4,"49":4,"50":2,"51":2,"52":2,"53":2,"54":2,"55":2,"56":2,"57":2,"58":2,"59":2,"60":2},"f":{"0":4,"1":6,"2":2,"3":2,"4":2,"5":2,"6":4,"7":3,"8":2,"9":5,"10":2,"11":2},"b":{"0":[2,2],"1":[2,2],"2":[2,2],"3":[2,2],"4":[0,4],"5":[0],"6":[6,0],"7":[6,0],"8":[2,0],"9":[2,0],"10":[2,0],"11":[2,2],"12":[0,0],"13":[2,1],"14":[0,4],"15":[0,4],"16":[4,0],"17":[1,3],"18":[3,0],"19":[3,0],"20":[4],"21":[5,1],"22":[1,4],"23":[2,2],"24":[2,0],"25":[2,0],"26":[2,0],"27":[2,0],"28":[2,1]},"_coverageSchema":"1a1c01bbd47fc00a2c39e90264f33305004495a9","hash":"e00d07bf2ecb0bb09251d5d0f9ed5bbb1341ccab"}
,"C:\\Users\\PC\\Desktop\\ALU\\Mission Capstone\\mufashe-mobile\\backend\\src\\services\\vectorSearch.mongo.service.js": {"path":"C:\\Users\\PC\\Desktop\\ALU\\Mission Capstone\\mufashe-mobile\\backend\\src\\services\\vectorSearch.mongo.service.js","statementMap":{"0":{"start":{"line":2,"column":17},"end":{"line":2,"column":36}},"1":{"start":{"line":3,"column":22},"end":{"line":3,"column":56}},"2":{"start":{"line":4,"column":28},"end":{"line":4,"column":58}},"3":{"start":{"line":7,"column":12},"end":{"line":7,"column":41}},"4":{"start":{"line":8,"column":2},"end":{"line":8,"column":50}},"5":{"start":{"line":8,"column":10},"end":{"line":8,"column":50}},"6":{"start":{"line":10,"column":22},"end":{"line":10,"column":46}},"7":{"start":{"line":13,"column":4},"end":{"line":15,"column":17}},"8":{"start":{"line":17,"column":19},"end":{"line":39,"column":3}},"9":{"start":{"line":41,"column":2},"end":{"line":41,"column":43}},"10":{"start":{"line":44,"column":0},"end":{"line":44,"column":34}}},"fnMap":{"0":{"name":"vectorSearch","decl":{"start":{"line":6,"column":15},"end":{"line":6,"column":27}},"loc":{"start":{"line":6,"column":77},"end":{"line":42,"column":1}},"line":6}},"branchMap":{"0":{"loc":{"start":{"line":6,"column":38},"end":{"line":6,"column":75}},"type":"default-arg","locations":[{"start":{"line":6,"column":73},"end":{"line":6,"column":75}}],"line":6},"1":{"loc":{"start":{"line":6,"column":40},"end":{"line":6,"column":49}},"type":"default-arg","locations":[{"start":{"line":6,"column":48},"end":{"line":6,"column":49}}],"line":6},"2":{"loc":{"start":{"line":6,"column":51},"end":{"line":6,"column":68}},"type":"default-arg","locations":[{"start":{"line":6,"column":64},"end":{"line":6,"column":68}}],"line":6},"3":{"loc":{"start":{"line":7,"column":19},"end":{"line":7,"column":33}},"type":"binary-expr","locations":[{"start":{"line":7,"column":19},"end":{"line":7,"column":27}},{"start":{"line":7,"column":31},"end":{"line":7,"column":33}}],"line":7},"4":{"loc":{"start":{"line":8,"column":2},"end":{"line":8,"column":50}},"type":"if","locations":[{"start":{"line":8,"column":2},"end":{"line":8,"column":50}},{"start":{},"end":{}}],"line":8},"5":{"loc":{"start":{"line":13,"column":4},"end":{"line":15,"column":17}},"type":"cond-expr","locations":[{"start":{"line":14,"column":8},"end":{"line":14,"column":63}},{"start":{"line":15,"column":8},"end":{"line":15,"column":17}}],"line":13},"6":{"loc":{"start":{"line":13,"column":4},"end":{"line":13,"column":61}},"type":"binary-expr","locations":[{"start":{"line":13,"column":4},"end":{"line":13,"column":14}},{"start":{"line":13,"column":18},"end":{"line":13,"column":61}}],"line":13},"7":{"loc":{"start":{"line":24,"column":15},"end":{"line":24,"column":33}},"type":"binary-expr","locations":[{"start":{"line":24,"column":15},"end":{"line":24,"column":28}},{"start":{"line":24,"column":32},"end":{"line":24,"column":33}}],"line":24},"8":{"loc":{"start":{"line":25,"column":12},"end":{"line":25,"column":36}},"type":"cond-expr","locations":[{"start":{"line":25,"column":21},"end":{"line":25,"column":31}},{"start":{"line":25,"column":34},"end":{"line":25,"column":36}}],"line":25}},"s":{"0":3,"1":3,"2":3,"3":4,"4":4,"5":1,"6":3,"7":3,"8":3,"9":3,"10":3},"f":{"0":4},"b":{"0":[2],"1":[2],"2":[2],"3":[4,1],"4":[1,3],"5":[1,2],"6":[3,2],"7":[3,0],"8":[1,2]},"_coverageSchema":"1a1c01bbd47fc00a2c39e90264f33305004495a9","hash":"a5d73fc5edc4f7b033bea018200bf9896205fd20"}
,"C:\\Users\\PC\\Desktop\\ALU\\Mission Capstone\\mufashe-mobile\\backend\\src\\utils\\document.utils.js": {"path":"C:\\Users\\PC\\Desktop\\ALU\\Mission Capstone\\mufashe-mobile\\backend\\src\\utils\\document.utils.js","statementMap":{"0":{"start":{"line":2,"column":2},"end":{"line":2,"column":70}},"1":{"start":{"line":5,"column":0},"end":{"line":5,"column":39}}},"fnMap":{"0":{"name":"normalizeCategory","decl":{"start":{"line":1,"column":9},"end":{"line":1,"column":26}},"loc":{"start":{"line":1,"column":37},"end":{"line":3,"column":1}},"line":1}},"branchMap":{"0":{"loc":{"start":{"line":2,"column":9},"end":{"line":2,"column":69}},"type":"cond-expr","locations":[{"start":{"line":2,"column":20},"end":{"line":2,"column":57}},{"start":{"line":2,"column":60},"end":{"line":2,"column":69}}],"line":2}},"s":{"0":3,"1":1},"f":{"0":3},"b":{"0":[2,1]},"_coverageSchema":"1a1c01bbd47fc00a2c39e90264f33305004495a9","hash":"5941ff8f52e79a621ecb9cd7430da1e45e5fa67d"}
}
