TN:
SF:src\app.js
FN:24,(anonymous_0)
FN:25,(anonymous_1)
FNF:2
FNH:0
FNDA:0,(anonymous_0)
FNDA:0,(anonymous_1)
DA:2,1
DA:3,1
DA:5,1
DA:6,1
DA:7,1
DA:8,1
DA:9,1
DA:10,1
DA:13,1
DA:14,1
DA:15,1
DA:16,1
DA:18,1
DA:20,1
DA:21,1
DA:24,1
DA:25,1
DA:28,1
DA:29,1
DA:30,1
DA:31,1
DA:32,1
DA:33,1
DA:36,1
DA:37,1
DA:38,1
DA:39,1
DA:41,1
LF:28
LH:28
BRF:0
BRH:0
end_of_record
TN:
SF:src\controllers\auth.controller.js
FN:7,(anonymous_0)
FN:14,(anonymous_1)
FN:15,(anonymous_2)
FN:16,(anonymous_3)
FN:19,register
FN:85,login
FN:128,me
FN:139,bootstrapAdmin
FNF:8
FNH:8
FNDA:5,(anonymous_0)
FNDA:5,(anonymous_1)
FNDA:8,(anonymous_2)
FNDA:9,(anonymous_3)
FNDA:9,register
FNDA:6,login
FNDA:2,me
FNDA:4,bootstrapAdmin
DA:3,2
DA:4,2
DA:5,2
DA:7,2
DA:8,5
DA:14,5
DA:15,8
DA:16,9
DA:20,9
DA:21,9
DA:23,9
DA:24,9
DA:25,9
DA:27,9
DA:28,1
DA:31,8
DA:32,1
DA:35,7
DA:36,1
DA:39,6
DA:40,6
DA:41,6
DA:44,5
DA:45,3
DA:46,3
DA:49,4
DA:50,4
DA:52,3
DA:54,3
DA:57,2
DA:58,2
DA:59,1
DA:60,1
DA:63,2
DA:65,2
DA:76,1
DA:77,1
DA:78,1
DA:80,0
DA:86,6
DA:87,6
DA:89,6
DA:90,1
DA:95,5
DA:96,5
DA:97,5
DA:100,5
DA:101,2
DA:102,1
DA:104,5
DA:105,5
DA:107,4
DA:108,4
DA:110,3
DA:112,3
DA:123,0
DA:129,2
DA:130,2
DA:131,2
DA:132,1
DA:134,0
DA:140,4
DA:141,4
DA:143,4
DA:144,1
DA:147,3
DA:148,3
DA:149,1
DA:152,2
DA:153,2
DA:155,1
DA:156,1
DA:158,1
DA:164,0
DA:168,2
LF:75
LH:71
BRDA:15,0,0,8
BRDA:15,0,1,0
BRDA:16,1,0,9
BRDA:16,1,1,1
BRDA:24,2,0,8
BRDA:24,2,1,1
BRDA:25,3,0,3
BRDA:25,3,1,6
BRDA:27,4,0,1
BRDA:27,4,1,8
BRDA:27,5,0,9
BRDA:27,5,1,8
BRDA:31,6,0,1
BRDA:31,6,1,7
BRDA:31,7,0,8
BRDA:31,7,1,1
BRDA:35,8,0,1
BRDA:35,8,1,6
BRDA:39,9,0,6
BRDA:39,9,1,0
BRDA:41,10,0,1
BRDA:41,10,1,5
BRDA:44,11,0,3
BRDA:44,11,1,2
BRDA:46,12,0,1
BRDA:46,12,1,2
BRDA:50,13,0,1
BRDA:50,13,1,3
BRDA:58,14,0,1
BRDA:58,14,1,1
BRDA:58,15,0,2
BRDA:58,15,1,2
BRDA:58,15,2,2
BRDA:70,16,0,2
BRDA:70,16,1,0
BRDA:71,17,0,2
BRDA:71,17,1,1
BRDA:76,18,0,1
BRDA:76,18,1,0
BRDA:77,19,0,1
BRDA:77,19,1,0
BRDA:77,20,0,1
BRDA:77,20,1,0
BRDA:89,21,0,1
BRDA:89,21,1,5
BRDA:89,22,0,6
BRDA:89,22,1,5
BRDA:100,23,0,3
BRDA:100,23,1,2
BRDA:101,24,0,1
BRDA:101,24,1,1
BRDA:105,25,0,1
BRDA:105,25,1,4
BRDA:108,26,0,1
BRDA:108,26,1,3
BRDA:117,27,0,3
BRDA:117,27,1,0
BRDA:118,28,0,3
BRDA:118,28,1,0
BRDA:131,29,0,1
BRDA:131,29,1,1
BRDA:143,30,0,1
BRDA:143,30,1,3
BRDA:143,31,0,4
BRDA:143,31,1,4
BRDA:148,32,0,1
BRDA:148,32,1,2
BRDA:153,33,0,1
BRDA:153,33,1,1
BRF:69
BRH:61
end_of_record
TN:
SF:src\controllers\document.controller.js
FN:19,(anonymous_0)
FN:28,(anonymous_1)
FN:70,(anonymous_2)
FN:97,(anonymous_3)
FN:111,(anonymous_4)
FN:142,(anonymous_5)
FN:226,(anonymous_6)
FN:249,(anonymous_7)
FN:303,(anonymous_8)
FNF:9
FNH:9
FNDA:14,(anonymous_0)
FNDA:5,(anonymous_1)
FNDA:3,(anonymous_2)
FNDA:3,(anonymous_3)
FNDA:4,(anonymous_4)
FNDA:8,(anonymous_5)
FNDA:2,(anonymous_6)
FNDA:3,(anonymous_7)
FNDA:3,(anonymous_8)
DA:11,2
DA:13,2
DA:14,2
DA:16,2
DA:19,14
DA:22,2
DA:28,2
DA:29,5
DA:30,5
DA:31,5
DA:33,4
DA:34,4
DA:36,4
DA:37,1
DA:43,3
DA:44,1
DA:50,2
DA:59,1
DA:61,1
DA:70,2
DA:71,3
DA:72,3
DA:73,3
DA:75,3
DA:76,2
DA:77,2
DA:78,1
DA:80,1
DA:83,2
DA:84,2
DA:86,2
DA:87,1
DA:89,1
DA:97,2
DA:98,3
DA:99,3
DA:100,2
DA:101,1
DA:103,1
DA:111,2
DA:112,4
DA:113,4
DA:115,4
DA:116,2
DA:117,2
DA:118,1
DA:120,1
DA:124,3
DA:126,3
DA:131,2
DA:132,1
DA:134,1
DA:142,2
DA:143,8
DA:144,8
DA:145,8
DA:147,7
DA:148,1
DA:154,6
DA:155,6
DA:157,6
DA:158,1
DA:162,5
DA:165,5
DA:166,2
DA:188,2
DA:190,1
DA:191,1
DA:195,3
DA:196,1
DA:203,2
DA:216,1
DA:218,1
DA:226,2
DA:227,2
DA:228,2
DA:230,1
DA:236,1
DA:249,2
DA:250,3
DA:251,3
DA:252,3
DA:254,3
DA:256,2
DA:257,1
DA:267,1
DA:268,1
DA:269,1
DA:271,1
DA:272,2
DA:273,2
DA:274,1
DA:275,1
DA:277,1
DA:278,1
DA:282,1
DA:291,1
DA:303,2
DA:304,3
DA:305,3
DA:306,2
DA:308,1
DA:310,1
DA:312,1
LF:104
LH:104
BRDA:19,0,0,11
BRDA:19,0,1,3
BRDA:31,1,0,1
BRDA:31,1,1,4
BRDA:33,2,0,3
BRDA:33,3,0,3
BRDA:33,4,0,4
BRDA:33,4,1,0
BRDA:36,5,0,1
BRDA:36,5,1,3
BRDA:36,6,0,4
BRDA:36,6,1,4
BRDA:43,7,0,1
BRDA:43,7,1,2
BRDA:75,8,0,2
BRDA:75,8,1,1
BRDA:77,9,0,1
BRDA:77,9,1,1
BRDA:77,10,0,2
BRDA:77,10,1,2
BRDA:83,11,0,1
BRDA:83,11,1,1
BRDA:84,12,0,1
BRDA:84,12,1,1
BRDA:100,13,0,1
BRDA:100,13,1,1
BRDA:115,14,0,2
BRDA:115,14,1,2
BRDA:117,15,0,1
BRDA:117,15,1,1
BRDA:117,16,0,2
BRDA:117,16,1,2
BRDA:131,17,0,1
BRDA:131,17,1,1
BRDA:145,18,0,1
BRDA:145,18,1,7
BRDA:147,19,0,1
BRDA:147,19,1,6
BRDA:154,20,0,4
BRDA:154,21,0,4
BRDA:154,22,0,6
BRDA:154,22,1,0
BRDA:157,23,0,1
BRDA:157,23,1,5
BRDA:157,24,0,6
BRDA:157,24,1,4
BRDA:165,25,0,2
BRDA:165,25,1,3
BRDA:169,26,0,1
BRDA:169,26,1,1
BRDA:170,27,0,1
BRDA:170,27,1,1
BRDA:188,28,0,1
BRDA:188,28,1,1
BRDA:195,29,0,1
BRDA:195,29,1,2
BRDA:195,30,0,3
BRDA:195,30,1,2
BRDA:251,31,0,3
BRDA:251,31,1,1
BRDA:252,32,0,3
BRDA:252,32,1,1
BRDA:256,33,0,1
BRDA:256,33,1,1
BRDA:306,34,0,1
BRDA:306,34,1,1
BRF:66
BRH:64
end_of_record
TN:
SF:src\controllers\googleAuth.controller.js
FN:6,(anonymous_0)
FN:10,(anonymous_1)
FNF:2
FNH:0
FNDA:0,(anonymous_0)
FNDA:0,(anonymous_1)
DA:2,1
DA:3,1
DA:4,1
DA:6,1
DA:8,1
DA:10,1
DA:11,0
DA:12,0
DA:13,0
DA:15,0
DA:20,0
DA:22,0
DA:23,0
DA:24,0
DA:26,0
DA:28,0
DA:30,0
DA:33,0
DA:35,0
DA:36,0
DA:38,0
DA:47,0
DA:48,0
DA:49,0
DA:50,0
DA:53,0
DA:55,0
DA:60,0
LF:28
LH:6
BRDA:13,0,0,0
BRDA:13,0,1,0
BRDA:24,1,0,0
BRDA:24,1,1,0
BRDA:28,2,0,0
BRDA:28,2,1,0
BRDA:28,3,0,0
BRDA:28,3,1,0
BRDA:33,4,0,0
BRDA:33,4,1,0
BRDA:35,5,0,0
BRDA:35,5,1,0
BRDA:47,6,0,0
BRDA:47,6,1,0
BRDA:49,7,0,0
BRDA:49,7,1,0
BRDA:49,8,0,0
BRDA:49,8,1,0
BRDA:57,9,0,0
BRDA:57,9,1,0
BRDA:57,10,0,0
BRDA:57,10,1,0
BRF:22
BRH:0
end_of_record
TN:
SF:src\controllers\qa.controller.js
FN:6,(anonymous_0)
FNF:1
FNH:1
FNDA:4,(anonymous_0)
DA:3,2
DA:4,2
DA:6,2
DA:7,4
DA:8,4
DA:9,4
DA:10,1
DA:13,3
DA:14,3
DA:16,3
DA:17,1
DA:20,2
DA:29,1
DA:34,1
DA:40,1
DA:44,1
DA:54,1
DA:61,1
DA:62,1
DA:64,1
LF:20
LH:20
BRDA:8,0,0,4
BRDA:8,0,1,1
BRDA:9,1,0,1
BRDA:9,1,1,3
BRDA:13,2,0,3
BRDA:13,3,0,3
BRDA:13,3,1,0
BRDA:14,4,0,3
BRDA:14,4,1,0
BRDA:16,5,0,1
BRDA:16,5,1,2
BRDA:23,6,0,2
BRDA:23,6,1,0
BRDA:29,7,0,1
BRDA:29,7,1,0
BRDA:29,7,2,0
BRDA:29,7,3,0
BRDA:34,8,0,1
BRDA:34,8,1,0
BRDA:36,9,0,0
BRDA:36,9,1,0
BRDA:40,10,0,1
BRDA:40,10,1,0
BRDA:48,11,0,0
BRDA:48,11,1,1
BRDA:49,12,0,1
BRDA:49,12,1,1
BRDA:66,13,0,1
BRDA:66,13,1,0
BRF:29
BRH:17
end_of_record
TN:
SF:src\controllers\questions.controller.js
FN:4,isAdmin
FN:8,(anonymous_1)
FN:26,(anonymous_2)
FN:41,(anonymous_3)
FN:64,(anonymous_4)
FN:85,(anonymous_5)
FN:102,(anonymous_6)
FNF:7
FNH:7
FNDA:3,isAdmin
FNDA:4,(anonymous_1)
FNDA:3,(anonymous_2)
FNDA:6,(anonymous_3)
FNDA:2,(anonymous_4)
FNDA:3,(anonymous_5)
FNDA:4,(anonymous_6)
DA:2,2
DA:5,3
DA:8,2
DA:9,4
DA:10,4
DA:11,4
DA:13,3
DA:15,3
DA:20,2
DA:22,1
DA:26,2
DA:27,3
DA:28,3
DA:29,3
DA:31,2
DA:35,1
DA:37,1
DA:41,2
DA:42,6
DA:43,6
DA:44,6
DA:46,5
DA:51,4
DA:53,3
DA:54,1
DA:57,2
DA:59,1
DA:64,2
DA:65,2
DA:66,2
DA:67,2
DA:69,2
DA:70,2
DA:71,2
DA:73,2
DA:79,1
DA:81,1
DA:85,2
DA:86,3
DA:87,3
DA:89,3
DA:95,2
DA:96,1
DA:98,1
DA:102,2
DA:103,4
DA:104,4
DA:105,4
DA:107,4
DA:113,3
DA:114,2
DA:116,1
LF:52
LH:52
BRDA:5,0,0,3
BRDA:5,0,1,0
BRDA:10,1,0,4
BRDA:10,1,1,1
BRDA:11,2,0,1
BRDA:11,2,1,3
BRDA:13,3,0,3
BRDA:13,3,1,1
BRDA:28,4,0,3
BRDA:28,4,1,2
BRDA:29,5,0,1
BRDA:29,5,1,2
BRDA:43,6,0,6
BRDA:43,6,1,1
BRDA:44,7,0,1
BRDA:44,7,1,5
BRDA:51,8,0,1
BRDA:51,8,1,3
BRDA:53,9,0,1
BRDA:53,9,1,2
BRDA:53,10,0,3
BRDA:53,10,1,2
BRDA:66,11,0,2
BRDA:66,11,1,1
BRDA:67,12,0,2
BRDA:67,12,1,1
BRDA:70,13,0,1
BRDA:70,13,1,1
BRDA:71,14,0,1
BRDA:71,14,1,1
BRDA:87,15,0,3
BRDA:87,15,1,0
BRDA:95,16,0,1
BRDA:95,16,1,1
BRDA:104,17,0,4
BRDA:104,17,1,1
BRDA:105,18,0,4
BRDA:105,18,1,2
BRDA:113,19,0,1
BRDA:113,19,1,2
BRF:40
BRH:38
end_of_record
TN:
SF:src\controllers\search.controller.js
FN:10,(anonymous_0)
FN:35,(anonymous_1)
FNF:2
FNH:2
FNDA:2,(anonymous_0)
FNDA:4,(anonymous_1)
DA:2,2
DA:3,2
DA:10,2
DA:11,2
DA:12,2
DA:14,2
DA:16,1
DA:23,1
DA:35,2
DA:36,4
DA:37,4
DA:39,4
DA:40,1
DA:43,3
DA:48,2
DA:55,1
LF:16
LH:16
BRDA:37,0,0,3
BRDA:37,1,0,4
BRDA:37,1,1,0
BRDA:39,2,0,1
BRDA:39,2,1,3
BRDA:39,3,0,4
BRDA:39,3,1,4
BRDA:44,4,0,3
BRDA:44,4,1,0
BRDA:45,5,0,3
BRDA:45,5,1,2
BRDA:51,6,0,2
BRDA:51,6,1,0
BRF:13
BRH:10
end_of_record
TN:
SF:src\controllers\users.controller.js
FN:6,(anonymous_0)
FN:46,(anonymous_1)
FN:56,(anonymous_2)
FN:78,(anonymous_3)
FN:99,(anonymous_4)
FNF:5
FNH:5
FNDA:3,(anonymous_0)
FNDA:3,(anonymous_1)
FNDA:4,(anonymous_2)
FNDA:4,(anonymous_3)
FNDA:3,(anonymous_4)
DA:2,2
DA:4,2
DA:6,2
DA:7,3
DA:8,3
DA:10,3
DA:11,3
DA:13,3
DA:14,1
DA:15,1
DA:22,3
DA:23,3
DA:25,3
DA:34,2
DA:42,1
DA:46,2
DA:47,3
DA:48,3
DA:49,2
DA:50,1
DA:52,1
DA:56,2
DA:57,4
DA:58,4
DA:60,4
DA:61,4
DA:62,4
DA:63,4
DA:65,4
DA:70,2
DA:71,1
DA:73,2
DA:74,1
DA:78,2
DA:79,4
DA:80,4
DA:82,4
DA:83,1
DA:86,3
DA:92,2
DA:93,1
DA:95,1
DA:99,2
DA:100,3
DA:101,3
DA:102,2
DA:103,1
DA:105,1
LF:48
LH:48
BRDA:8,0,0,1
BRDA:8,1,0,1
BRDA:11,2,0,1
BRDA:11,2,1,2
BRDA:13,3,0,1
BRDA:13,3,1,2
BRDA:22,4,0,3
BRDA:22,4,1,1
BRDA:23,5,0,3
BRDA:23,5,1,0
BRDA:49,6,0,1
BRDA:49,6,1,1
BRDA:61,7,0,2
BRDA:61,7,1,2
BRDA:62,8,0,3
BRDA:62,8,1,1
BRDA:62,9,0,3
BRDA:62,9,1,0
BRDA:63,10,0,1
BRDA:63,10,1,3
BRDA:63,11,0,1
BRDA:63,11,1,0
BRDA:70,12,0,1
BRDA:70,12,1,1
BRDA:73,13,0,1
BRDA:73,13,1,1
BRDA:82,14,0,1
BRDA:82,14,1,3
BRDA:82,15,0,4
BRDA:82,15,1,4
BRDA:92,16,0,1
BRDA:92,16,1,1
BRDA:102,17,0,1
BRDA:102,17,1,1
BRF:34
BRH:31
end_of_record
TN:
SF:src\middleware\auth.js
FN:4,auth
FNF:1
FNH:1
FNDA:6,auth
DA:2,2
DA:4,2
DA:5,6
DA:8,6
DA:9,2
DA:12,4
DA:13,4
DA:14,1
DA:17,3
DA:18,3
DA:21,1
DA:23,1
DA:27,2
DA:31,2
LF:14
LH:14
BRDA:5,0,0,6
BRDA:5,0,1,1
BRDA:8,1,0,2
BRDA:8,1,1,4
BRDA:13,2,0,1
BRDA:13,2,1,3
BRDA:27,3,0,1
BRDA:27,3,1,1
BRF:8
BRH:8
end_of_record
TN:
SF:src\middleware\requireAdmin.js
FN:3,requireAdmin
FNF:1
FNH:1
FNDA:4,requireAdmin
DA:3,2
DA:4,4
DA:6,4
DA:7,1
DA:13,2
DA:14,1
DA:19,1
DA:21,1
LF:8
LH:8
BRDA:6,0,0,1
BRDA:6,0,1,2
BRDA:13,1,0,1
BRDA:13,1,1,1
BRF:4
BRH:4
end_of_record
TN:
SF:src\middleware\requireRole.js
FN:2,(anonymous_0)
FN:2,(anonymous_1)
FN:6,(anonymous_2)
FNF:3
FNH:3
FNDA:10,(anonymous_0)
FNDA:6,(anonymous_1)
FNDA:7,(anonymous_2)
DA:2,10
DA:3,6
DA:5,5
DA:6,7
DA:8,5
DA:9,2
DA:12,3
LF:7
LH:7
BRDA:3,0,0,1
BRDA:3,0,1,5
BRDA:5,1,0,5
BRDA:5,1,1,1
BRDA:8,2,0,2
BRDA:8,2,1,3
BRF:6
BRH:6
end_of_record
TN:
SF:src\middleware\uploadPdf.js
FN:12,(anonymous_0)
FN:13,(anonymous_1)
FN:25,(anonymous_2)
FNF:3
FNH:3
FNDA:1,(anonymous_0)
FNDA:3,(anonymous_1)
FNDA:3,(anonymous_2)
DA:2,11
DA:3,11
DA:4,11
DA:6,11
DA:9,11
DA:11,11
DA:12,1
DA:15,3
DA:16,3
DA:21,3
DA:25,11
DA:27,3
DA:30,3
DA:31,2
DA:34,11
DA:40,11
LF:16
LH:16
BRDA:15,0,0,3
BRDA:15,0,1,1
BRDA:27,1,0,3
BRDA:27,1,1,2
BRDA:30,2,0,1
BRDA:30,2,1,2
BRF:6
BRH:6
end_of_record
TN:
SF:src\models\Appointment.js
FNF:0
FNH:0
DA:2,1
DA:4,1
DA:29,1
LF:3
LH:3
BRF:0
BRH:0
end_of_record
TN:
SF:src\models\Document.js
FNF:0
FNH:0
DA:3,4
DA:5,4
DA:61,4
LF:3
LH:3
BRF:0
BRH:0
end_of_record
TN:
SF:src\models\DocumentChunk.js
FNF:0
FNH:0
DA:3,8
DA:5,8
DA:19,8
DA:21,8
LF:4
LH:4
BRF:0
BRH:0
end_of_record
TN:
SF:src\models\Notification.js
FNF:0
FNH:0
DA:2,1
DA:4,1
DA:26,1
LF:3
LH:3
BRF:0
BRH:0
end_of_record
TN:
SF:src\models\Question.js
FNF:0
FNH:0
DA:2,2
DA:4,2
DA:42,2
LF:3
LH:3
BRF:0
BRH:0
end_of_record
TN:
SF:src\models\User.js
FNF:0
FNH:0
DA:2,2
DA:4,2
DA:63,2
LF:3
LH:3
BRF:0
BRH:0
end_of_record
TN:
SF:src\routes\admin.routes.js
FN:8,(anonymous_0)
FN:30,(anonymous_1)
FN:46,(anonymous_2)
FNF:3
FNH:0
FNDA:0,(anonymous_0)
FNDA:0,(anonymous_1)
FNDA:0,(anonymous_2)
DA:2,1
DA:3,1
DA:4,1
DA:5,1
DA:8,1
DA:9,0
DA:10,0
DA:11,0
DA:13,0
DA:14,0
DA:17,0
DA:18,0
DA:19,0
DA:21,0
DA:25,0
DA:26,0
DA:30,1
DA:31,0
DA:33,0
DA:42,0
DA:46,1
DA:47,0
DA:48,0
DA:50,0
DA:51,0
DA:54,0
DA:65,0
DA:67,0
DA:70,1
LF:29
LH:8
BRDA:9,0,0,0
BRDA:9,0,1,0
BRDA:11,1,0,0
BRDA:11,1,1,0
BRDA:13,2,0,0
BRDA:13,2,1,0
BRDA:13,3,0,0
BRDA:13,3,1,0
BRDA:18,4,0,0
BRDA:18,4,1,0
BRDA:19,5,0,0
BRDA:19,5,1,0
BRDA:25,6,0,0
BRDA:25,6,1,0
BRDA:31,7,0,0
BRDA:31,7,1,0
BRDA:47,8,0,0
BRDA:47,8,1,0
BRDA:48,9,0,0
BRDA:48,9,1,0
BRDA:50,10,0,0
BRDA:50,10,1,0
BRDA:65,11,0,0
BRDA:65,11,1,0
BRF:24
BRH:0
end_of_record
TN:
SF:src\routes\appointments.routes.js
FN:11,(anonymous_0)
FN:45,(anonymous_1)
FN:58,(anonymous_2)
FN:82,(anonymous_3)
FNF:4
FNH:0
FNDA:0,(anonymous_0)
FNDA:0,(anonymous_1)
FNDA:0,(anonymous_2)
FNDA:0,(anonymous_3)
DA:2,1
DA:3,1
DA:4,1
DA:6,1
DA:7,1
DA:8,1
DA:11,1
DA:12,0
DA:13,0
DA:15,0
DA:16,0
DA:18,0
DA:19,0
DA:21,0
DA:32,0
DA:41,0
DA:45,1
DA:46,0
DA:47,0
DA:49,0
DA:54,0
DA:58,1
DA:59,0
DA:60,0
DA:61,0
DA:62,0
DA:64,0
DA:65,0
DA:66,0
DA:69,0
DA:78,0
DA:82,1
DA:83,0
DA:84,0
DA:85,0
DA:86,0
DA:88,0
DA:89,0
DA:90,0
DA:93,0
DA:102,0
DA:105,1
LF:42
LH:11
BRDA:12,0,0,0
BRDA:12,0,1,0
BRDA:13,1,0,0
BRDA:13,1,1,0
BRDA:13,2,0,0
BRDA:13,2,1,0
BRDA:16,3,0,0
BRDA:16,3,1,0
BRDA:19,4,0,0
BRDA:19,4,1,0
BRDA:25,5,0,0
BRDA:25,5,1,0
BRDA:26,6,0,0
BRDA:26,6,1,0
BRDA:27,7,0,0
BRDA:27,7,1,0
BRDA:46,8,0,0
BRDA:46,8,1,0
BRDA:47,9,0,0
BRDA:47,9,1,0
BRDA:60,10,0,0
BRDA:60,10,1,0
BRDA:61,11,0,0
BRDA:61,11,1,0
BRDA:62,12,0,0
BRDA:62,12,1,0
BRDA:65,13,0,0
BRDA:65,13,1,0
BRDA:84,14,0,0
BRDA:84,14,1,0
BRDA:85,15,0,0
BRDA:85,15,1,0
BRDA:86,16,0,0
BRDA:86,16,1,0
BRDA:89,17,0,0
BRDA:89,17,1,0
BRF:36
BRH:0
end_of_record
TN:
SF:src\routes\auth.routes.js
FN:27,(anonymous_0)
FNF:1
FNH:0
FNDA:0,(anonymous_0)
DA:2,1
DA:4,1
DA:5,1
DA:6,1
DA:7,1
DA:9,1
DA:12,1
DA:13,1
DA:14,1
DA:15,1
DA:16,1
DA:18,1
DA:19,1
DA:20,1
DA:22,1
DA:25,1
DA:27,1
DA:28,0
DA:31,1
LF:19
LH:18
BRF:0
BRH:0
end_of_record
TN:
SF:src\routes\document.routes.js
FNF:0
FNH:0
DA:3,2
DA:5,2
DA:6,2
DA:7,2
DA:18,2
DA:20,2
DA:23,2
DA:26,2
DA:29,2
DA:32,2
DA:35,2
DA:38,2
DA:41,2
DA:44,2
DA:46,2
LF:15
LH:15
BRF:0
BRH:0
end_of_record
TN:
SF:src\routes\lawyers.routes.js
FN:8,(anonymous_0)
FN:17,(anonymous_1)
FN:48,(anonymous_2)
FN:63,(anonymous_3)
FN:75,(anonymous_4)
FNF:5
FNH:0
FNDA:0,(anonymous_0)
FNDA:0,(anonymous_1)
FNDA:0,(anonymous_2)
FNDA:0,(anonymous_3)
FNDA:0,(anonymous_4)
DA:2,1
DA:3,1
DA:4,1
DA:5,1
DA:8,1
DA:9,0
DA:12,0
DA:13,0
DA:17,1
DA:18,0
DA:20,0
DA:29,0
DA:30,0
DA:37,0
DA:44,0
DA:48,1
DA:49,0
DA:58,0
DA:59,0
DA:63,1
DA:64,0
DA:75,0
DA:90,0
DA:91,0
DA:93,0
DA:94,0
DA:95,0
DA:96,0
DA:98,0
DA:101,0
DA:102,0
DA:104,0
DA:108,0
DA:111,1
LF:34
LH:9
BRDA:12,0,0,0
BRDA:12,0,1,0
BRDA:18,1,0,0
BRDA:18,1,1,0
BRDA:29,2,0,0
BRDA:29,2,1,0
BRDA:58,3,0,0
BRDA:58,3,1,0
BRDA:65,4,0,0
BRDA:65,4,1,0
BRDA:67,5,0,0
BRDA:67,5,1,0
BRDA:68,6,0,0
BRDA:68,6,1,0
BRDA:69,7,0,0
BRDA:69,7,1,0
BRDA:70,8,0,0
BRDA:70,8,1,0
BRDA:72,9,0,0
BRDA:72,9,1,0
BRDA:73,10,0,0
BRDA:73,10,1,0
BRDA:75,11,0,0
BRDA:75,11,1,0
BRDA:77,12,0,0
BRDA:77,12,1,0
BRDA:78,13,0,0
BRDA:78,13,1,0
BRDA:80,14,0,0
BRDA:80,14,1,0
BRDA:91,15,0,0
BRDA:91,15,1,0
BRDA:93,16,0,0
BRDA:93,16,1,0
BRDA:94,17,0,0
BRDA:94,17,1,0
BRDA:95,18,0,0
BRDA:95,18,1,0
BRDA:95,19,0,0
BRDA:95,19,1,0
BRDA:98,20,0,0
BRDA:98,20,1,0
BRDA:101,21,0,0
BRDA:101,21,1,0
BRDA:101,21,2,0
BRDA:102,22,0,0
BRDA:102,22,1,0
BRF:47
BRH:0
end_of_record
TN:
SF:src\routes\notifications.routes.js
FN:6,(anonymous_0)
FN:11,(anonymous_1)
FNF:2
FNH:0
FNDA:0,(anonymous_0)
FNDA:0,(anonymous_1)
DA:2,1
DA:3,1
DA:4,1
DA:6,1
DA:7,0
DA:8,0
DA:11,1
DA:12,0
DA:13,0
DA:15,0
DA:16,0
DA:18,0
DA:21,1
LF:13
LH:6
BRDA:13,0,0,0
BRDA:13,0,1,0
BRDA:15,1,0,0
BRDA:15,1,1,0
BRF:4
BRH:0
end_of_record
TN:
SF:src\routes\qa.routes.js
FN:10,(anonymous_0)
FN:14,(anonymous_1)
FNF:2
FNH:2
FNDA:1,(anonymous_0)
FNDA:1,(anonymous_1)
DA:3,2
DA:4,2
DA:6,2
DA:7,2
DA:10,2
DA:11,1
DA:14,2
DA:15,1
DA:19,2
DA:21,2
LF:10
LH:10
BRF:0
BRH:0
end_of_record
TN:
SF:src\routes\questions.routes.js
FN:11,(anonymous_0)
FNF:1
FNH:1
FNDA:1,(anonymous_0)
DA:1,2
DA:2,2
DA:4,2
DA:5,2
DA:6,2
DA:8,2
DA:11,2
DA:13,2
DA:16,2
DA:17,2
DA:20,2
DA:21,2
DA:22,2
DA:25,2
DA:27,2
LF:15
LH:15
BRF:0
BRH:0
end_of_record
TN:
SF:src\routes\search.routes.js
FNF:0
FNH:0
DA:2,2
DA:3,2
DA:10,2
DA:11,2
DA:13,2
LF:5
LH:5
BRF:0
BRH:0
end_of_record
TN:
SF:src\routes\users.routes.js
FNF:0
FNH:0
DA:2,2
DA:4,2
DA:5,2
DA:6,2
DA:9,2
DA:12,2
DA:15,2
DA:16,2
DA:17,2
DA:18,2
DA:19,2
DA:21,2
LF:12
LH:12
BRF:0
BRH:0
end_of_record
TN:
SF:src\services\chunk.service.js
FN:9,splitIntoChunks
FNF:1
FNH:1
FNDA:7,splitIntoChunks
DA:10,7
DA:11,7
DA:14,4
DA:15,0
DA:18,4
DA:19,4
DA:20,4
DA:22,4
DA:23,7
DA:24,7
DA:26,7
DA:27,7
DA:28,7
DA:32,7
DA:33,7
DA:36,7
DA:39,4
DA:42,4
LF:18
LH:17
BRDA:9,0,0,3
BRDA:9,1,0,3
BRDA:10,2,0,7
BRDA:10,2,1,3
BRDA:11,3,0,3
BRDA:11,3,1,4
BRDA:14,4,0,0
BRDA:14,4,1,4
BRDA:26,5,0,7
BRDA:26,5,1,0
BRDA:33,6,0,0
BRDA:33,6,1,7
BRDA:36,7,0,4
BRDA:36,7,1,3
BRF:14
BRH:11
end_of_record
TN:
SF:src\services\documentProcess.service.js
FN:16,processOneDocument
FN:45,(anonymous_1)
FNF:2
FNH:2
FNDA:5,processOneDocument
FNDA:2,(anonymous_1)
DA:2,3
DA:3,3
DA:5,3
DA:6,3
DA:7,3
DA:17,5
DA:18,5
DA:19,4
DA:22,3
DA:23,3
DA:24,3
DA:26,3
DA:28,3
DA:30,2
DA:31,2
DA:32,2
DA:33,2
DA:36,2
DA:39,2
DA:42,2
DA:43,2
DA:44,1
DA:45,2
DA:57,2
DA:58,2
DA:59,2
DA:60,2
DA:61,2
DA:65,2
DA:66,2
DA:68,2
DA:78,1
DA:79,1
DA:80,1
DA:81,1
DA:85,3
LF:36
LH:36
BRDA:18,0,0,1
BRDA:18,0,1,4
BRDA:19,1,0,1
BRDA:19,1,1,3
BRDA:43,2,0,1
BRDA:43,2,1,1
BRF:6
BRH:6
end_of_record
TN:
SF:src\services\embedChunks.mongo.service.js
FN:6,embedChunksForDocument
FNF:1
FNH:1
FNDA:3,embedChunksForDocument
DA:2,3
DA:3,3
DA:4,3
DA:7,3
DA:8,1
DA:11,2
DA:13,2
DA:15,2
DA:16,1
DA:19,1
DA:21,1
DA:22,2
DA:24,1
DA:25,1
DA:26,1
DA:27,1
DA:30,1
DA:37,3
LF:18
LH:18
BRDA:7,0,0,1
BRDA:7,0,1,2
BRDA:15,1,0,1
BRDA:15,1,1,1
BRDA:22,2,0,1
BRDA:22,2,1,1
BRDA:22,3,0,2
BRDA:22,3,1,2
BRF:8
BRH:8
end_of_record
TN:
SF:src\services\embedding.service.js
FN:7,createEmbedding
FNF:1
FNH:1
FNDA:4,createEmbedding
DA:2,9
DA:4,9
DA:5,9
DA:8,4
DA:9,4
DA:12,3
DA:18,3
DA:20,3
DA:21,2
DA:24,1
DA:27,9
LF:11
LH:11
BRDA:4,0,0,9
BRDA:4,0,1,9
BRDA:5,1,0,9
BRDA:5,1,1,9
BRDA:8,2,0,4
BRDA:8,2,1,1
BRDA:9,3,0,1
BRDA:9,3,1,3
BRDA:20,4,0,2
BRDA:20,4,1,1
BRDA:20,5,0,3
BRDA:20,5,1,2
BRF:12
BRH:12
end_of_record
TN:
SF:src\services\pdf.service.js
FN:6,extractTextFromPdfFile
FNF:1
FNH:1
FNDA:4,extractTextFromPdfFile
DA:2,4
DA:3,4
DA:4,4
DA:7,4
DA:9,4
DA:11,4
DA:12,1
DA:15,3
DA:18,3
DA:20,2
DA:21,1
DA:24,1
DA:29,1
DA:35,3
DA:39,4
LF:15
LH:15
BRDA:11,0,0,1
BRDA:11,0,1,3
BRDA:20,1,0,1
BRDA:20,1,1,1
BRDA:20,2,0,2
BRDA:20,2,1,2
BRF:6
BRH:6
end_of_record
TN:
SF:src\services\qa.service.js
FN:14,normalizeCategory
FN:18,shortText
FN:24,dedupeChunks
FN:39,buildContext
FN:41,(anonymous_4)
FN:56,ollamaGenerate
FN:76,retrieveChunksSecure
FN:92,(anonymous_7)
FN:124,buildPrompt
FN:173,answerQuestion
FN:197,(anonymous_10)
FN:203,(anonymous_11)
FNF:12
FNH:12
FNDA:4,normalizeCategory
FNDA:6,shortText
FNDA:2,dedupeChunks
FNDA:2,buildContext
FNDA:2,(anonymous_4)
FNDA:2,ollamaGenerate
FNDA:4,retrieveChunksSecure
FNDA:3,(anonymous_7)
FNDA:2,buildPrompt
FNDA:5,answerQuestion
FNDA:2,(anonymous_10)
FNDA:2,(anonymous_11)
DA:1,2
DA:2,2
DA:4,2
DA:5,2
DA:6,2
DA:8,2
DA:9,2
DA:11,2
DA:12,2
DA:15,4
DA:19,6
DA:20,6
DA:21,0
DA:25,2
DA:26,2
DA:28,2
DA:29,2
DA:30,2
DA:31,2
DA:32,2
DA:36,2
DA:40,2
DA:42,2
DA:43,2
DA:45,2
DA:51,2
DA:57,2
DA:73,2
DA:77,4
DA:79,4
DA:80,4
DA:82,4
DA:83,0
DA:86,4
DA:88,4
DA:89,1
DA:92,3
DA:93,3
DA:95,3
DA:97,3
DA:121,3
DA:125,2
DA:174,5
DA:176,5
DA:177,1
DA:180,4
DA:188,4
DA:189,2
DA:196,2
DA:197,2
DA:198,2
DA:200,2
DA:201,2
DA:203,2
DA:213,2
DA:221,2
LF:56
LH:54
BRDA:8,0,0,2
BRDA:8,0,1,2
BRDA:9,1,0,2
BRDA:9,1,1,2
BRDA:11,2,0,2
BRDA:11,2,1,2
BRDA:12,3,0,2
BRDA:12,3,1,2
BRDA:15,4,0,0
BRDA:15,4,1,4
BRDA:18,5,0,0
BRDA:19,6,0,6
BRDA:19,6,1,0
BRDA:20,7,0,6
BRDA:20,7,1,0
BRDA:30,8,0,2
BRDA:30,8,1,0
BRDA:43,9,0,2
BRDA:43,9,1,0
BRDA:45,10,0,2
BRDA:45,10,1,0
BRDA:45,11,0,2
BRDA:45,11,1,2
BRDA:47,12,0,0
BRDA:47,12,1,0
BRDA:73,13,0,2
BRDA:73,13,1,1
BRDA:80,14,0,0
BRDA:80,14,1,4
BRDA:82,15,0,0
BRDA:82,15,1,4
BRDA:82,16,0,4
BRDA:82,16,1,0
BRDA:88,17,0,1
BRDA:88,17,1,3
BRDA:93,18,0,3
BRDA:93,18,1,0
BRDA:95,19,0,3
BRDA:95,19,1,0
BRDA:173,20,0,4
BRDA:174,21,0,5
BRDA:174,21,1,1
BRDA:176,22,0,1
BRDA:176,22,1,4
BRDA:188,23,0,2
BRDA:188,23,1,2
BRDA:206,24,0,2
BRDA:206,24,1,0
BRDA:207,25,0,2
BRDA:207,25,1,0
BRDA:208,26,0,2
BRDA:208,26,1,0
BRDA:209,27,0,2
BRDA:209,27,1,0
BRDA:215,28,0,2
BRDA:215,28,1,1
BRF:56
BRH:38
end_of_record
TN:
SF:src\services\vectorSearch.mongo.service.js
FN:6,vectorSearch
FNF:1
FNH:1
FNDA:4,vectorSearch
DA:2,3
DA:3,3
DA:4,3
DA:7,4
DA:8,4
DA:10,3
DA:13,3
DA:17,3
DA:41,3
DA:44,3
LF:10
LH:10
BRDA:6,0,0,2
BRDA:6,1,0,2
BRDA:6,2,0,2
BRDA:7,3,0,4
BRDA:7,3,1,1
BRDA:8,4,0,1
BRDA:8,4,1,3
BRDA:13,5,0,1
BRDA:13,5,1,2
BRDA:13,6,0,3
BRDA:13,6,1,2
BRDA:24,7,0,3
BRDA:24,7,1,0
BRDA:25,8,0,1
BRDA:25,8,1,2
BRF:15
BRH:14
end_of_record
TN:
SF:src\utils\document.utils.js
FN:1,normalizeCategory
FNF:1
FNH:1
FNDA:3,normalizeCategory
DA:2,3
DA:5,1
LF:2
LH:2
BRDA:2,0,0,2
BRDA:2,0,1,1
BRF:2
BRH:2
end_of_record
